* Example: dilithium_poly_basemul_acc_rvv_vlen128_c908...
INFO:dilithium_poly_basemul_acc_rvv_vlen128_c908.poly_basemul_acc_rvv_vlen128_loop:SLOTHY version: unknown
INFO:dilithium_poly_basemul_acc_rvv_vlen128_c908:Optimizing loop poly_basemul_acc_rvv_vlen128_loop (13 instructions) ...
INFO:dilithium_poly_basemul_acc_rvv_vlen128_c908.poly_basemul_acc_rvv_vlen128_loop.slothy:Perform internal binary search for minimal number of stalls...
INFO:dilithium_poly_basemul_acc_rvv_vlen128_c908.poly_basemul_acc_rvv_vlen128_loop.slothy:Attempt optimization with max 32 stalls...
INFO:dilithium_poly_basemul_acc_rvv_vlen128_c908.poly_basemul_acc_rvv_vlen128_loop.slothy:Objective: minimize cycles
INFO:dilithium_poly_basemul_acc_rvv_vlen128_c908.poly_basemul_acc_rvv_vlen128_loop.slothy:Invoking external constraint solver (OR-Tools CP-SAT v9.7.2996) ...
INFO:dilithium_poly_basemul_acc_rvv_vlen128_c908.poly_basemul_acc_rvv_vlen128_loop.slothy:INFEASIBLE, wall time: 0.188041 s
INFO:dilithium_poly_basemul_acc_rvv_vlen128_c908.poly_basemul_acc_rvv_vlen128_loop.slothy:Attempt optimization with max 64 stalls...
INFO:dilithium_poly_basemul_acc_rvv_vlen128_c908.poly_basemul_acc_rvv_vlen128_loop.slothy:Objective: minimize cycles
INFO:dilithium_poly_basemul_acc_rvv_vlen128_c908.poly_basemul_acc_rvv_vlen128_loop.slothy:Invoking external constraint solver (OR-Tools CP-SAT v9.7.2996) ...
INFO:dilithium_poly_basemul_acc_rvv_vlen128_c908.poly_basemul_acc_rvv_vlen128_loop.slothy:[0.6364s]: Found 1 solutions so far... objective (minimize cycles): currently  (Cycles ~ 70.0, IPC ~ 0.19), bound  (Cycles ~ 31.0, IPC ~ 0.42)
INFO:dilithium_poly_basemul_acc_rvv_vlen128_c908.poly_basemul_acc_rvv_vlen128_loop.slothy:[0.6726s]: Found 2 solutions so far... objective (minimize cycles): currently  (Cycles ~ 63.0, IPC ~ 0.21), bound  (Cycles ~ 31.0, IPC ~ 0.42)
INFO:dilithium_poly_basemul_acc_rvv_vlen128_c908.poly_basemul_acc_rvv_vlen128_loop.slothy:[0.6969s]: Found 3 solutions so far... objective (minimize cycles): currently  (Cycles ~ 62.0, IPC ~ 0.21), bound  (Cycles ~ 31.0, IPC ~ 0.42)
INFO:dilithium_poly_basemul_acc_rvv_vlen128_c908.poly_basemul_acc_rvv_vlen128_loop.slothy:[0.7300s]: Found 4 solutions so far... objective (minimize cycles): currently  (Cycles ~ 61.0, IPC ~ 0.21), bound  (Cycles ~ 31.0, IPC ~ 0.42)
INFO:dilithium_poly_basemul_acc_rvv_vlen128_c908.poly_basemul_acc_rvv_vlen128_loop.slothy:[0.8911s]: Found 5 solutions so far... objective (minimize cycles): currently  (Cycles ~ 60.0, IPC ~ 0.22), bound  (Cycles ~ 31.0, IPC ~ 0.42)
INFO:dilithium_poly_basemul_acc_rvv_vlen128_c908.poly_basemul_acc_rvv_vlen128_loop.slothy:[0.9371s]: Found 6 solutions so far... objective (minimize cycles): currently  (Cycles ~ 59.0, IPC ~ 0.22), bound  (Cycles ~ 31.0, IPC ~ 0.42)
INFO:dilithium_poly_basemul_acc_rvv_vlen128_c908.poly_basemul_acc_rvv_vlen128_loop.slothy:OPTIMAL, wall time: 1.295610 s
INFO:dilithium_poly_basemul_acc_rvv_vlen128_c908.poly_basemul_acc_rvv_vlen128_loop.slothy:Booleans in result: 0
INFO:dilithium_poly_basemul_acc_rvv_vlen128_c908.poly_basemul_acc_rvv_vlen128_loop.slothy.selfcheck:OK!
WARNING:dilithium_poly_basemul_acc_rvv_vlen128_c908:LLVM (llvm-mc, llvm-nm, llvm-readobj) not found, disabling selftest. Consider installing LLVM.
INFO:dilithium_poly_basemul_acc_rvv_vlen128_c908.poly_basemul_acc_rvv_vlen128_loop.slothy:Minimum number of stalls: 52
