* Example: intt_kyber_rvv_vlen128_c908...
INFO:intt_kyber_rvv_vlen128_c908.start:SLOTHY version: unknown
INFO:intt_kyber_rvv_vlen128_c908:Instructions in body: 944
INFO:intt_kyber_rvv_vlen128_c908.start.split.0_41:Perform internal binary search for minimal number of stalls...
INFO:intt_kyber_rvv_vlen128_c908.start.split.0_41:Attempt optimization with max 32 stalls...
INFO:intt_kyber_rvv_vlen128_c908.start.split.0_41:Setting timeout of 180 seconds...
INFO:intt_kyber_rvv_vlen128_c908.start.split.0_41:Objective: minimize cycles
INFO:intt_kyber_rvv_vlen128_c908.start.split.0_41:Invoking external constraint solver (OR-Tools CP-SAT v9.7.2996) ...
INFO:intt_kyber_rvv_vlen128_c908.start.split.0_41:INFEASIBLE, wall time: 0.153301 s
INFO:intt_kyber_rvv_vlen128_c908.start.split.0_41:Attempt optimization with max 64 stalls...
INFO:intt_kyber_rvv_vlen128_c908.start.split.0_41:Setting timeout of 180 seconds...
INFO:intt_kyber_rvv_vlen128_c908.start.split.0_41:Objective: minimize cycles
INFO:intt_kyber_rvv_vlen128_c908.start.split.0_41:Invoking external constraint solver (OR-Tools CP-SAT v9.7.2996) ...
INFO:intt_kyber_rvv_vlen128_c908.start.split.0_41:INFEASIBLE, wall time: 3.320559 s
INFO:intt_kyber_rvv_vlen128_c908.start.split.0_41:Attempt optimization with max 128 stalls...
INFO:intt_kyber_rvv_vlen128_c908.start.split.0_41:Setting timeout of 180 seconds...
INFO:intt_kyber_rvv_vlen128_c908.start.split.0_41:Objective: minimize cycles
INFO:intt_kyber_rvv_vlen128_c908.start.split.0_41:Invoking external constraint solver (OR-Tools CP-SAT v9.7.2996) ...
INFO:intt_kyber_rvv_vlen128_c908.start.split.0_41:[43.9052s]: Found 1 solutions so far... objective (minimize cycles): currently  (Cycles ~ 127.0, IPC ~ 0.32), bound  (Cycles ~ 52.0, IPC ~ 0.79)
INFO:intt_kyber_rvv_vlen128_c908.start.split.0_41:[43.9326s]: Found 2 solutions so far... objective (minimize cycles): currently  (Cycles ~ 126.0, IPC ~ 0.33), bound  (Cycles ~ 52.0, IPC ~ 0.79)
INFO:intt_kyber_rvv_vlen128_c908.start.split.0_41:[45.2278s]: Found 3 solutions so far... objective (minimize cycles): currently  (Cycles ~ 125.0, IPC ~ 0.33), bound  (Cycles ~ 85.0, IPC ~ 0.48)
INFO:intt_kyber_rvv_vlen128_c908.start.split.0_41:[45.8516s]: Found 4 solutions so far... objective (minimize cycles): currently  (Cycles ~ 124.0, IPC ~ 0.33), bound  (Cycles ~ 88.0, IPC ~ 0.47)
INFO:intt_kyber_rvv_vlen128_c908.start.split.0_41:[47.7211s]: Found 5 solutions so far... objective (minimize cycles): currently  (Cycles ~ 107.0, IPC ~ 0.38), bound  (Cycles ~ 90.0, IPC ~ 0.46)
INFO:intt_kyber_rvv_vlen128_c908.start.split.0_41:OPTIMAL, wall time: 71.173700 s
INFO:intt_kyber_rvv_vlen128_c908.start.split.0_41:Booleans in result: 560
INFO:intt_kyber_rvv_vlen128_c908.start.split.0_41.selfcheck:OK!
WARNING:intt_kyber_rvv_vlen128_c908:LLVM (llvm-mc, llvm-nm, llvm-readobj) not found, disabling selftest. Consider installing LLVM.
INFO:intt_kyber_rvv_vlen128_c908.start.split.0_41:Minimum number of stalls: 86
INFO:intt_kyber_rvv_vlen128_c908.start.split.41_82:Perform internal binary search for minimal number of stalls...
INFO:intt_kyber_rvv_vlen128_c908.start.split.41_82:Attempt optimization with max 32 stalls...
INFO:intt_kyber_rvv_vlen128_c908.start.split.41_82:Setting timeout of 180 seconds...
INFO:intt_kyber_rvv_vlen128_c908.start.split.41_82:Objective: minimize cycles
INFO:intt_kyber_rvv_vlen128_c908.start.split.41_82:Invoking external constraint solver (OR-Tools CP-SAT v9.7.2996) ...
INFO:intt_kyber_rvv_vlen128_c908.start.split.41_82:[8.8761s]: Found 1 solutions so far... objective (minimize cycles): currently  (Cycles ~ 43.0, IPC ~ 0.95), bound  (Cycles ~ 40.0, IPC ~ 1.02)
INFO:intt_kyber_rvv_vlen128_c908.start.split.41_82:[8.8857s]: Found 2 solutions so far... objective (minimize cycles): currently  (Cycles ~ 42.0, IPC ~ 0.98), bound  (Cycles ~ 40.0, IPC ~ 1.02)
INFO:intt_kyber_rvv_vlen128_c908.start.split.41_82:[8.8985s]: Found 3 solutions so far... objective (minimize cycles): currently  (Cycles ~ 41.0, IPC ~ 1.00), bound  (Cycles ~ 40.0, IPC ~ 1.02)
INFO:intt_kyber_rvv_vlen128_c908.start.split.41_82:[8.9059s]: Found 4 solutions so far... objective (minimize cycles): currently  (Cycles ~ 40.0, IPC ~ 1.02), bound  (Cycles ~ 40.0, IPC ~ 1.02)
INFO:intt_kyber_rvv_vlen128_c908.start.split.41_82:Closer than 0 stalls to theoretical optimum... stop
INFO:intt_kyber_rvv_vlen128_c908.start.split.41_82:OPTIMAL, wall time: 9.114282 s
INFO:intt_kyber_rvv_vlen128_c908.start.split.41_82:Booleans in result: 0
INFO:intt_kyber_rvv_vlen128_c908.start.split.41_82.selfcheck:OK!
WARNING:intt_kyber_rvv_vlen128_c908:LLVM (llvm-mc, llvm-nm, llvm-readobj) not found, disabling selftest. Consider installing LLVM.
INFO:intt_kyber_rvv_vlen128_c908.start.split.41_82:Minimum number of stalls: 19
INFO:intt_kyber_rvv_vlen128_c908.start.split.82_123:Perform internal binary search for minimal number of stalls...
INFO:intt_kyber_rvv_vlen128_c908.start.split.82_123:Attempt optimization with max 32 stalls...
INFO:intt_kyber_rvv_vlen128_c908.start.split.82_123:Setting timeout of 180 seconds...
INFO:intt_kyber_rvv_vlen128_c908.start.split.82_123:Objective: minimize cycles
INFO:intt_kyber_rvv_vlen128_c908.start.split.82_123:Invoking external constraint solver (OR-Tools CP-SAT v9.7.2996) ...
INFO:intt_kyber_rvv_vlen128_c908.start.split.82_123:[1.1996s]: Found 1 solutions so far... objective (minimize cycles): currently  (Cycles ~ 42.0, IPC ~ 0.98), bound  (Cycles ~ 41.0, IPC ~ 1.00)
INFO:intt_kyber_rvv_vlen128_c908.start.split.82_123:[1.2047s]: Found 2 solutions so far... objective (minimize cycles): currently  (Cycles ~ 41.0, IPC ~ 1.00), bound  (Cycles ~ 41.0, IPC ~ 1.00)
INFO:intt_kyber_rvv_vlen128_c908.start.split.82_123:Closer than 0 stalls to theoretical optimum... stop
INFO:intt_kyber_rvv_vlen128_c908.start.split.82_123:OPTIMAL, wall time: 1.644355 s
INFO:intt_kyber_rvv_vlen128_c908.start.split.82_123:Booleans in result: 0
INFO:intt_kyber_rvv_vlen128_c908.start.split.82_123.selfcheck:OK!
WARNING:intt_kyber_rvv_vlen128_c908:LLVM (llvm-mc, llvm-nm, llvm-readobj) not found, disabling selftest. Consider installing LLVM.
INFO:intt_kyber_rvv_vlen128_c908.start.split.82_123:Minimum number of stalls: 20
INFO:intt_kyber_rvv_vlen128_c908.start.split.123_164:Perform internal binary search for minimal number of stalls...
INFO:intt_kyber_rvv_vlen128_c908.start.split.123_164:Attempt optimization with max 32 stalls...
INFO:intt_kyber_rvv_vlen128_c908.start.split.123_164:Setting timeout of 180 seconds...
INFO:intt_kyber_rvv_vlen128_c908.start.split.123_164:Objective: minimize cycles
INFO:intt_kyber_rvv_vlen128_c908.start.split.123_164:Invoking external constraint solver (OR-Tools CP-SAT v9.7.2996) ...
INFO:intt_kyber_rvv_vlen128_c908.start.split.123_164:[8.9956s]: Found 1 solutions so far... objective (minimize cycles): currently  (Cycles ~ 40.0, IPC ~ 1.02), bound  (Cycles ~ 40.0, IPC ~ 1.02)
INFO:intt_kyber_rvv_vlen128_c908.start.split.123_164:Closer than 0 stalls to theoretical optimum... stop
INFO:intt_kyber_rvv_vlen128_c908.start.split.123_164:OPTIMAL, wall time: 9.957210 s
INFO:intt_kyber_rvv_vlen128_c908.start.split.123_164:Booleans in result: 0
INFO:intt_kyber_rvv_vlen128_c908.start.split.123_164.selfcheck:OK!
WARNING:intt_kyber_rvv_vlen128_c908:LLVM (llvm-mc, llvm-nm, llvm-readobj) not found, disabling selftest. Consider installing LLVM.
INFO:intt_kyber_rvv_vlen128_c908.start.split.123_164:Minimum number of stalls: 19
INFO:intt_kyber_rvv_vlen128_c908.start.split.164_205:Perform internal binary search for minimal number of stalls...
INFO:intt_kyber_rvv_vlen128_c908.start.split.164_205:Attempt optimization with max 32 stalls...
INFO:intt_kyber_rvv_vlen128_c908.start.split.164_205:Setting timeout of 180 seconds...
INFO:intt_kyber_rvv_vlen128_c908.start.split.164_205:Objective: minimize cycles
INFO:intt_kyber_rvv_vlen128_c908.start.split.164_205:Invoking external constraint solver (OR-Tools CP-SAT v9.7.2996) ...
INFO:intt_kyber_rvv_vlen128_c908.start.split.164_205:INFEASIBLE, wall time: 0.698561 s
INFO:intt_kyber_rvv_vlen128_c908.start.split.164_205:Attempt optimization with max 64 stalls...
INFO:intt_kyber_rvv_vlen128_c908.start.split.164_205:Setting timeout of 180 seconds...
INFO:intt_kyber_rvv_vlen128_c908.start.split.164_205:Objective: minimize cycles
INFO:intt_kyber_rvv_vlen128_c908.start.split.164_205:Invoking external constraint solver (OR-Tools CP-SAT v9.7.2996) ...
INFO:intt_kyber_rvv_vlen128_c908.start.split.164_205:INFEASIBLE, wall time: 0.143009 s
INFO:intt_kyber_rvv_vlen128_c908.start.split.164_205:Attempt optimization with max 128 stalls...
INFO:intt_kyber_rvv_vlen128_c908.start.split.164_205:Setting timeout of 180 seconds...
INFO:intt_kyber_rvv_vlen128_c908.start.split.164_205:Objective: minimize cycles
INFO:intt_kyber_rvv_vlen128_c908.start.split.164_205:Invoking external constraint solver (OR-Tools CP-SAT v9.7.2996) ...
INFO:intt_kyber_rvv_vlen128_c908.start.split.164_205:[50.9119s]: Found 1 solutions so far... objective (minimize cycles): currently  (Cycles ~ 89.0, IPC ~ 0.46), bound  (Cycles ~ 85.0, IPC ~ 0.48)
INFO:intt_kyber_rvv_vlen128_c908.start.split.164_205:[50.9310s]: Found 2 solutions so far... objective (minimize cycles): currently  (Cycles ~ 88.0, IPC ~ 0.47), bound  (Cycles ~ 88.0, IPC ~ 0.47)
INFO:intt_kyber_rvv_vlen128_c908.start.split.164_205:Closer than 0 stalls to theoretical optimum... stop
INFO:intt_kyber_rvv_vlen128_c908.start.split.164_205:OPTIMAL, wall time: 53.052800 s
INFO:intt_kyber_rvv_vlen128_c908.start.split.164_205:Booleans in result: 0
INFO:intt_kyber_rvv_vlen128_c908.start.split.164_205.selfcheck:OK!
WARNING:intt_kyber_rvv_vlen128_c908:LLVM (llvm-mc, llvm-nm, llvm-readobj) not found, disabling selftest. Consider installing LLVM.
INFO:intt_kyber_rvv_vlen128_c908.start.split.164_205:Minimum number of stalls: 67
INFO:intt_kyber_rvv_vlen128_c908.start.split.205_246:Perform internal binary search for minimal number of stalls...
INFO:intt_kyber_rvv_vlen128_c908.start.split.205_246:Attempt optimization with max 32 stalls...
INFO:intt_kyber_rvv_vlen128_c908.start.split.205_246:Setting timeout of 180 seconds...
INFO:intt_kyber_rvv_vlen128_c908.start.split.205_246:Objective: minimize cycles
INFO:intt_kyber_rvv_vlen128_c908.start.split.205_246:Invoking external constraint solver (OR-Tools CP-SAT v9.7.2996) ...
INFO:intt_kyber_rvv_vlen128_c908.start.split.205_246:[42.7971s]: Found 1 solutions so far... objective (minimize cycles): currently  (Cycles ~ 53.0, IPC ~ 0.77), bound  (Cycles ~ 53.0, IPC ~ 0.77)
INFO:intt_kyber_rvv_vlen128_c908.start.split.205_246:Closer than 0 stalls to theoretical optimum... stop
INFO:intt_kyber_rvv_vlen128_c908.start.split.205_246:OPTIMAL, wall time: 43.697423 s
INFO:intt_kyber_rvv_vlen128_c908.start.split.205_246:Booleans in result: 0
INFO:intt_kyber_rvv_vlen128_c908.start.split.205_246.selfcheck:OK!
WARNING:intt_kyber_rvv_vlen128_c908:LLVM (llvm-mc, llvm-nm, llvm-readobj) not found, disabling selftest. Consider installing LLVM.
INFO:intt_kyber_rvv_vlen128_c908.start.split.205_246:Minimum number of stalls: 32
INFO:intt_kyber_rvv_vlen128_c908.start.split.246_287:Perform internal binary search for minimal number of stalls...
INFO:intt_kyber_rvv_vlen128_c908.start.split.246_287:Attempt optimization with max 32 stalls...
INFO:intt_kyber_rvv_vlen128_c908.start.split.246_287:Setting timeout of 180 seconds...
INFO:intt_kyber_rvv_vlen128_c908.start.split.246_287:Objective: minimize cycles
INFO:intt_kyber_rvv_vlen128_c908.start.split.246_287:Invoking external constraint solver (OR-Tools CP-SAT v9.7.2996) ...
INFO:intt_kyber_rvv_vlen128_c908.start.split.246_287:INFEASIBLE, wall time: 0.191690 s
INFO:intt_kyber_rvv_vlen128_c908.start.split.246_287:Attempt optimization with max 64 stalls...
INFO:intt_kyber_rvv_vlen128_c908.start.split.246_287:Setting timeout of 180 seconds...
INFO:intt_kyber_rvv_vlen128_c908.start.split.246_287:Objective: minimize cycles
INFO:intt_kyber_rvv_vlen128_c908.start.split.246_287:Invoking external constraint solver (OR-Tools CP-SAT v9.7.2996) ...
INFO:intt_kyber_rvv_vlen128_c908.start.split.246_287:[0.6052s]: Found 1 solutions so far... objective (minimize cycles): currently  (Cycles ~ 81.0, IPC ~ 0.51), bound  (Cycles ~ 75.0, IPC ~ 0.55)
INFO:intt_kyber_rvv_vlen128_c908.start.split.246_287:[0.6384s]: Found 2 solutions so far... objective (minimize cycles): currently  (Cycles ~ 78.0, IPC ~ 0.53), bound  (Cycles ~ 75.0, IPC ~ 0.55)
INFO:intt_kyber_rvv_vlen128_c908.start.split.246_287:OPTIMAL, wall time: 1.029073 s
INFO:intt_kyber_rvv_vlen128_c908.start.split.246_287:Booleans in result: 0
INFO:intt_kyber_rvv_vlen128_c908.start.split.246_287.selfcheck:OK!
WARNING:intt_kyber_rvv_vlen128_c908:LLVM (llvm-mc, llvm-nm, llvm-readobj) not found, disabling selftest. Consider installing LLVM.
INFO:intt_kyber_rvv_vlen128_c908.start.split.246_287:Minimum number of stalls: 57
INFO:intt_kyber_rvv_vlen128_c908.start.split.287_328:Perform internal binary search for minimal number of stalls...
INFO:intt_kyber_rvv_vlen128_c908.start.split.287_328:Attempt optimization with max 32 stalls...
INFO:intt_kyber_rvv_vlen128_c908.start.split.287_328:Setting timeout of 180 seconds...
INFO:intt_kyber_rvv_vlen128_c908.start.split.287_328:Objective: minimize cycles
INFO:intt_kyber_rvv_vlen128_c908.start.split.287_328:Invoking external constraint solver (OR-Tools CP-SAT v9.7.2996) ...
INFO:intt_kyber_rvv_vlen128_c908.start.split.287_328:INFEASIBLE, wall time: 0.346254 s
INFO:intt_kyber_rvv_vlen128_c908.start.split.287_328:Attempt optimization with max 64 stalls...
INFO:intt_kyber_rvv_vlen128_c908.start.split.287_328:Setting timeout of 180 seconds...
INFO:intt_kyber_rvv_vlen128_c908.start.split.287_328:Objective: minimize cycles
INFO:intt_kyber_rvv_vlen128_c908.start.split.287_328:Invoking external constraint solver (OR-Tools CP-SAT v9.7.2996) ...
INFO:intt_kyber_rvv_vlen128_c908.start.split.287_328:[37.6216s]: Found 1 solutions so far... objective (minimize cycles): currently  (Cycles ~ 72.0, IPC ~ 0.57), bound  (Cycles ~ 65.0, IPC ~ 0.63)
INFO:intt_kyber_rvv_vlen128_c908.start.split.287_328:[37.6340s]: Found 2 solutions so far... objective (minimize cycles): currently  (Cycles ~ 71.0, IPC ~ 0.58), bound  (Cycles ~ 65.0, IPC ~ 0.63)
INFO:intt_kyber_rvv_vlen128_c908.start.split.287_328:[37.6459s]: Found 3 solutions so far... objective (minimize cycles): currently  (Cycles ~ 70.0, IPC ~ 0.59), bound  (Cycles ~ 65.0, IPC ~ 0.63)
INFO:intt_kyber_rvv_vlen128_c908.start.split.287_328:[37.6527s]: Found 4 solutions so far... objective (minimize cycles): currently  (Cycles ~ 69.0, IPC ~ 0.59), bound  (Cycles ~ 69.0, IPC ~ 0.59)
INFO:intt_kyber_rvv_vlen128_c908.start.split.287_328:Closer than 0 stalls to theoretical optimum... stop
INFO:intt_kyber_rvv_vlen128_c908.start.split.287_328:OPTIMAL, wall time: 38.607604 s
INFO:intt_kyber_rvv_vlen128_c908.start.split.287_328:Booleans in result: 0
INFO:intt_kyber_rvv_vlen128_c908.start.split.287_328.selfcheck:OK!
WARNING:intt_kyber_rvv_vlen128_c908:LLVM (llvm-mc, llvm-nm, llvm-readobj) not found, disabling selftest. Consider installing LLVM.
INFO:intt_kyber_rvv_vlen128_c908.start.split.287_328:Minimum number of stalls: 48
INFO:intt_kyber_rvv_vlen128_c908.start.split.328_369:Perform internal binary search for minimal number of stalls...
INFO:intt_kyber_rvv_vlen128_c908.start.split.328_369:Attempt optimization with max 32 stalls...
INFO:intt_kyber_rvv_vlen128_c908.start.split.328_369:Setting timeout of 180 seconds...
INFO:intt_kyber_rvv_vlen128_c908.start.split.328_369:Objective: minimize cycles
INFO:intt_kyber_rvv_vlen128_c908.start.split.328_369:Invoking external constraint solver (OR-Tools CP-SAT v9.7.2996) ...
INFO:intt_kyber_rvv_vlen128_c908.start.split.328_369:INFEASIBLE, wall time: 15.441316 s
INFO:intt_kyber_rvv_vlen128_c908.start.split.328_369:Attempt optimization with max 64 stalls...
INFO:intt_kyber_rvv_vlen128_c908.start.split.328_369:Setting timeout of 180 seconds...
INFO:intt_kyber_rvv_vlen128_c908.start.split.328_369:Objective: minimize cycles
INFO:intt_kyber_rvv_vlen128_c908.start.split.328_369:Invoking external constraint solver (OR-Tools CP-SAT v9.7.2996) ...
INFO:intt_kyber_rvv_vlen128_c908.start.split.328_369:[106.5590s]: Found 1 solutions so far... objective (minimize cycles): currently  (Cycles ~ 56.0, IPC ~ 0.73), bound  (Cycles ~ 52.0, IPC ~ 0.79)
INFO:intt_kyber_rvv_vlen128_c908.start.split.328_369:[106.5704s]: Found 2 solutions so far... objective (minimize cycles): currently  (Cycles ~ 55.0, IPC ~ 0.75), bound  (Cycles ~ 52.0, IPC ~ 0.79)
INFO:intt_kyber_rvv_vlen128_c908.start.split.328_369:[106.5802s]: Found 3 solutions so far... objective (minimize cycles): currently  (Cycles ~ 54.0, IPC ~ 0.76), bound  (Cycles ~ 52.0, IPC ~ 0.79)
INFO:intt_kyber_rvv_vlen128_c908.start.split.328_369:[106.5896s]: Found 4 solutions so far... objective (minimize cycles): currently  (Cycles ~ 53.0, IPC ~ 0.77), bound  (Cycles ~ 52.0, IPC ~ 0.79)
INFO:intt_kyber_rvv_vlen128_c908.start.split.328_369:OPTIMAL, wall time: 107.506147 s
INFO:intt_kyber_rvv_vlen128_c908.start.split.328_369:Booleans in result: 0
INFO:intt_kyber_rvv_vlen128_c908.start.split.328_369.selfcheck:OK!
WARNING:intt_kyber_rvv_vlen128_c908:LLVM (llvm-mc, llvm-nm, llvm-readobj) not found, disabling selftest. Consider installing LLVM.
INFO:intt_kyber_rvv_vlen128_c908.start.split.328_369:Minimum number of stalls: 32
INFO:intt_kyber_rvv_vlen128_c908.start.split.369_410:Perform internal binary search for minimal number of stalls...
INFO:intt_kyber_rvv_vlen128_c908.start.split.369_410:Attempt optimization with max 32 stalls...
INFO:intt_kyber_rvv_vlen128_c908.start.split.369_410:Setting timeout of 180 seconds...
INFO:intt_kyber_rvv_vlen128_c908.start.split.369_410:Objective: minimize cycles
INFO:intt_kyber_rvv_vlen128_c908.start.split.369_410:Invoking external constraint solver (OR-Tools CP-SAT v9.7.2996) ...
INFO:intt_kyber_rvv_vlen128_c908.start.split.369_410:INFEASIBLE, wall time: 0.516684 s
INFO:intt_kyber_rvv_vlen128_c908.start.split.369_410:Attempt optimization with max 64 stalls...
INFO:intt_kyber_rvv_vlen128_c908.start.split.369_410:Setting timeout of 180 seconds...
INFO:intt_kyber_rvv_vlen128_c908.start.split.369_410:Objective: minimize cycles
INFO:intt_kyber_rvv_vlen128_c908.start.split.369_410:Invoking external constraint solver (OR-Tools CP-SAT v9.7.2996) ...
INFO:intt_kyber_rvv_vlen128_c908.start.split.369_410:INFEASIBLE, wall time: 0.463382 s
INFO:intt_kyber_rvv_vlen128_c908.start.split.369_410:Attempt optimization with max 128 stalls...
INFO:intt_kyber_rvv_vlen128_c908.start.split.369_410:Setting timeout of 180 seconds...
INFO:intt_kyber_rvv_vlen128_c908.start.split.369_410:Objective: minimize cycles
INFO:intt_kyber_rvv_vlen128_c908.start.split.369_410:Invoking external constraint solver (OR-Tools CP-SAT v9.7.2996) ...
INFO:intt_kyber_rvv_vlen128_c908.start.split.369_410:[2.1054s]: Found 1 solutions so far... objective (minimize cycles): currently  (Cycles ~ 104.0, IPC ~ 0.39), bound  (Cycles ~ 97.0, IPC ~ 0.42)
INFO:intt_kyber_rvv_vlen128_c908.start.split.369_410:[2.1269s]: Found 2 solutions so far... objective (minimize cycles): currently  (Cycles ~ 103.0, IPC ~ 0.40), bound  (Cycles ~ 99.0, IPC ~ 0.41)
INFO:intt_kyber_rvv_vlen128_c908.start.split.369_410:[2.1397s]: Found 3 solutions so far... objective (minimize cycles): currently  (Cycles ~ 102.0, IPC ~ 0.40), bound  (Cycles ~ 99.0, IPC ~ 0.41)
INFO:intt_kyber_rvv_vlen128_c908.start.split.369_410:[2.1495s]: Found 4 solutions so far... objective (minimize cycles): currently  (Cycles ~ 100.0, IPC ~ 0.41), bound  (Cycles ~ 99.0, IPC ~ 0.41)
INFO:intt_kyber_rvv_vlen128_c908.start.split.369_410:[2.1549s]: Found 5 solutions so far... objective (minimize cycles): currently  (Cycles ~ 99.0, IPC ~ 0.41), bound  (Cycles ~ 99.0, IPC ~ 0.41)
INFO:intt_kyber_rvv_vlen128_c908.start.split.369_410:Closer than 0 stalls to theoretical optimum... stop
INFO:intt_kyber_rvv_vlen128_c908.start.split.369_410:OPTIMAL, wall time: 3.179779 s
INFO:intt_kyber_rvv_vlen128_c908.start.split.369_410:Booleans in result: 0
INFO:intt_kyber_rvv_vlen128_c908.start.split.369_410.selfcheck:OK!
WARNING:intt_kyber_rvv_vlen128_c908:LLVM (llvm-mc, llvm-nm, llvm-readobj) not found, disabling selftest. Consider installing LLVM.
INFO:intt_kyber_rvv_vlen128_c908.start.split.369_410:Minimum number of stalls: 78
INFO:intt_kyber_rvv_vlen128_c908.start.split.410_451:Perform internal binary search for minimal number of stalls...
INFO:intt_kyber_rvv_vlen128_c908.start.split.410_451:Attempt optimization with max 32 stalls...
INFO:intt_kyber_rvv_vlen128_c908.start.split.410_451:Setting timeout of 180 seconds...
INFO:intt_kyber_rvv_vlen128_c908.start.split.410_451:Objective: minimize cycles
INFO:intt_kyber_rvv_vlen128_c908.start.split.410_451:Invoking external constraint solver (OR-Tools CP-SAT v9.7.2996) ...
INFO:intt_kyber_rvv_vlen128_c908.start.split.410_451:[1.7386s]: Found 1 solutions so far... objective (minimize cycles): currently  (Cycles ~ 42.0, IPC ~ 0.98), bound  (Cycles ~ 41.0, IPC ~ 1.00)
INFO:intt_kyber_rvv_vlen128_c908.start.split.410_451:[1.7522s]: Found 2 solutions so far... objective (minimize cycles): currently  (Cycles ~ 41.0, IPC ~ 1.00), bound  (Cycles ~ 41.0, IPC ~ 1.00)
INFO:intt_kyber_rvv_vlen128_c908.start.split.410_451:Closer than 0 stalls to theoretical optimum... stop
INFO:intt_kyber_rvv_vlen128_c908.start.split.410_451:OPTIMAL, wall time: 2.131155 s
INFO:intt_kyber_rvv_vlen128_c908.start.split.410_451:Booleans in result: 0
INFO:intt_kyber_rvv_vlen128_c908.start.split.410_451.selfcheck:OK!
WARNING:intt_kyber_rvv_vlen128_c908:LLVM (llvm-mc, llvm-nm, llvm-readobj) not found, disabling selftest. Consider installing LLVM.
INFO:intt_kyber_rvv_vlen128_c908.start.split.410_451:Minimum number of stalls: 20
INFO:intt_kyber_rvv_vlen128_c908.start.split.451_493:Perform internal binary search for minimal number of stalls...
INFO:intt_kyber_rvv_vlen128_c908.start.split.451_493:Attempt optimization with max 32 stalls...
INFO:intt_kyber_rvv_vlen128_c908.start.split.451_493:Setting timeout of 180 seconds...
INFO:intt_kyber_rvv_vlen128_c908.start.split.451_493:Objective: minimize cycles
INFO:intt_kyber_rvv_vlen128_c908.start.split.451_493:Invoking external constraint solver (OR-Tools CP-SAT v9.7.2996) ...
INFO:intt_kyber_rvv_vlen128_c908.start.split.451_493:INFEASIBLE, wall time: 0.207162 s
INFO:intt_kyber_rvv_vlen128_c908.start.split.451_493:Attempt optimization with max 64 stalls...
INFO:intt_kyber_rvv_vlen128_c908.start.split.451_493:Setting timeout of 180 seconds...
INFO:intt_kyber_rvv_vlen128_c908.start.split.451_493:Objective: minimize cycles
INFO:intt_kyber_rvv_vlen128_c908.start.split.451_493:Invoking external constraint solver (OR-Tools CP-SAT v9.7.2996) ...
INFO:intt_kyber_rvv_vlen128_c908.start.split.451_493:INFEASIBLE, wall time: 3.860122 s
INFO:intt_kyber_rvv_vlen128_c908.start.split.451_493:Attempt optimization with max 128 stalls...
INFO:intt_kyber_rvv_vlen128_c908.start.split.451_493:Setting timeout of 180 seconds...
INFO:intt_kyber_rvv_vlen128_c908.start.split.451_493:Objective: minimize cycles
INFO:intt_kyber_rvv_vlen128_c908.start.split.451_493:Invoking external constraint solver (OR-Tools CP-SAT v9.7.2996) ...
INFO:intt_kyber_rvv_vlen128_c908.start.split.451_493:[31.0346s]: Found 1 solutions so far... objective (minimize cycles): currently  (Cycles ~ 133.0, IPC ~ 0.32), bound  (Cycles ~ 58.0, IPC ~ 0.72)
INFO:intt_kyber_rvv_vlen128_c908.start.split.451_493:[33.4844s]: Found 2 solutions so far... objective (minimize cycles): currently  (Cycles ~ 132.0, IPC ~ 0.32), bound  (Cycles ~ 59.0, IPC ~ 0.71)
INFO:intt_kyber_rvv_vlen128_c908.start.split.451_493:[34.4384s]: Found 3 solutions so far... objective (minimize cycles): currently  (Cycles ~ 129.0, IPC ~ 0.33), bound  (Cycles ~ 61.0, IPC ~ 0.69)
INFO:intt_kyber_rvv_vlen128_c908.start.split.451_493:[34.8106s]: Found 4 solutions so far... objective (minimize cycles): currently  (Cycles ~ 128.0, IPC ~ 0.33), bound  (Cycles ~ 61.0, IPC ~ 0.69)
INFO:intt_kyber_rvv_vlen128_c908.start.split.451_493:[34.9297s]: Found 5 solutions so far... objective (minimize cycles): currently  (Cycles ~ 120.0, IPC ~ 0.35), bound  (Cycles ~ 61.0, IPC ~ 0.69)
INFO:intt_kyber_rvv_vlen128_c908.start.split.451_493:[36.5908s]: Found 6 solutions so far... objective (minimize cycles): currently  (Cycles ~ 119.0, IPC ~ 0.35), bound  (Cycles ~ 62.0, IPC ~ 0.68)
INFO:intt_kyber_rvv_vlen128_c908.start.split.451_493:[37.0337s]: Found 7 solutions so far... objective (minimize cycles): currently  (Cycles ~ 118.0, IPC ~ 0.36), bound  (Cycles ~ 62.0, IPC ~ 0.68)
INFO:intt_kyber_rvv_vlen128_c908.start.split.451_493:[37.2021s]: Found 8 solutions so far... objective (minimize cycles): currently  (Cycles ~ 117.0, IPC ~ 0.36), bound  (Cycles ~ 62.0, IPC ~ 0.68)
INFO:intt_kyber_rvv_vlen128_c908.start.split.451_493:[37.4809s]: Found 9 solutions so far... objective (minimize cycles): currently  (Cycles ~ 116.0, IPC ~ 0.36), bound  (Cycles ~ 62.0, IPC ~ 0.68)
INFO:intt_kyber_rvv_vlen128_c908.start.split.451_493:OPTIMAL, wall time: 57.479121 s
INFO:intt_kyber_rvv_vlen128_c908.start.split.451_493:Booleans in result: 0
INFO:intt_kyber_rvv_vlen128_c908.start.split.451_493.selfcheck:OK!
WARNING:intt_kyber_rvv_vlen128_c908:LLVM (llvm-mc, llvm-nm, llvm-readobj) not found, disabling selftest. Consider installing LLVM.
INFO:intt_kyber_rvv_vlen128_c908.start.split.451_493:Minimum number of stalls: 95
INFO:intt_kyber_rvv_vlen128_c908.start.split.493_534:Perform internal binary search for minimal number of stalls...
INFO:intt_kyber_rvv_vlen128_c908.start.split.493_534:Attempt optimization with max 32 stalls...
INFO:intt_kyber_rvv_vlen128_c908.start.split.493_534:Setting timeout of 180 seconds...
INFO:intt_kyber_rvv_vlen128_c908.start.split.493_534:Objective: minimize cycles
INFO:intt_kyber_rvv_vlen128_c908.start.split.493_534:Invoking external constraint solver (OR-Tools CP-SAT v9.7.2996) ...
INFO:intt_kyber_rvv_vlen128_c908.start.split.493_534:[29.9717s]: Found 1 solutions so far... objective (minimize cycles): currently  (Cycles ~ 42.0, IPC ~ 0.98), bound  (Cycles ~ 41.0, IPC ~ 1.00)
INFO:intt_kyber_rvv_vlen128_c908.start.split.493_534:[29.9885s]: Found 2 solutions so far... objective (minimize cycles): currently  (Cycles ~ 41.0, IPC ~ 1.00), bound  (Cycles ~ 41.0, IPC ~ 1.00)
INFO:intt_kyber_rvv_vlen128_c908.start.split.493_534:Closer than 0 stalls to theoretical optimum... stop
INFO:intt_kyber_rvv_vlen128_c908.start.split.493_534:OPTIMAL, wall time: 30.952796 s
INFO:intt_kyber_rvv_vlen128_c908.start.split.493_534:Booleans in result: 0
INFO:intt_kyber_rvv_vlen128_c908.start.split.493_534.selfcheck:OK!
WARNING:intt_kyber_rvv_vlen128_c908:LLVM (llvm-mc, llvm-nm, llvm-readobj) not found, disabling selftest. Consider installing LLVM.
INFO:intt_kyber_rvv_vlen128_c908.start.split.493_534:Minimum number of stalls: 20
INFO:intt_kyber_rvv_vlen128_c908.start.split.534_575:Perform internal binary search for minimal number of stalls...
INFO:intt_kyber_rvv_vlen128_c908.start.split.534_575:Attempt optimization with max 32 stalls...
INFO:intt_kyber_rvv_vlen128_c908.start.split.534_575:Setting timeout of 180 seconds...
INFO:intt_kyber_rvv_vlen128_c908.start.split.534_575:Objective: minimize cycles
INFO:intt_kyber_rvv_vlen128_c908.start.split.534_575:Invoking external constraint solver (OR-Tools CP-SAT v9.7.2996) ...
INFO:intt_kyber_rvv_vlen128_c908.start.split.534_575:[13.8208s]: Found 1 solutions so far... objective (minimize cycles): currently  (Cycles ~ 41.0, IPC ~ 1.00), bound  (Cycles ~ 40.0, IPC ~ 1.02)
INFO:intt_kyber_rvv_vlen128_c908.start.split.534_575:[13.8271s]: Found 2 solutions so far... objective (minimize cycles): currently  (Cycles ~ 40.0, IPC ~ 1.02), bound  (Cycles ~ 40.0, IPC ~ 1.02)
INFO:intt_kyber_rvv_vlen128_c908.start.split.534_575:Closer than 0 stalls to theoretical optimum... stop
INFO:intt_kyber_rvv_vlen128_c908.start.split.534_575:OPTIMAL, wall time: 14.446438 s
INFO:intt_kyber_rvv_vlen128_c908.start.split.534_575:Booleans in result: 0
INFO:intt_kyber_rvv_vlen128_c908.start.split.534_575.selfcheck:OK!
WARNING:intt_kyber_rvv_vlen128_c908:LLVM (llvm-mc, llvm-nm, llvm-readobj) not found, disabling selftest. Consider installing LLVM.
INFO:intt_kyber_rvv_vlen128_c908.start.split.534_575:Minimum number of stalls: 19
INFO:intt_kyber_rvv_vlen128_c908.start.split.575_616:Perform internal binary search for minimal number of stalls...
INFO:intt_kyber_rvv_vlen128_c908.start.split.575_616:Attempt optimization with max 32 stalls...
INFO:intt_kyber_rvv_vlen128_c908.start.split.575_616:Setting timeout of 180 seconds...
INFO:intt_kyber_rvv_vlen128_c908.start.split.575_616:Objective: minimize cycles
INFO:intt_kyber_rvv_vlen128_c908.start.split.575_616:Invoking external constraint solver (OR-Tools CP-SAT v9.7.2996) ...
INFO:intt_kyber_rvv_vlen128_c908.start.split.575_616:[34.7662s]: Found 1 solutions so far... objective (minimize cycles): currently  (Cycles ~ 42.0, IPC ~ 0.98), bound  (Cycles ~ 40.0, IPC ~ 1.02)
INFO:intt_kyber_rvv_vlen128_c908.start.split.575_616:[34.7778s]: Found 2 solutions so far... objective (minimize cycles): currently  (Cycles ~ 41.0, IPC ~ 1.00), bound  (Cycles ~ 40.0, IPC ~ 1.02)
INFO:intt_kyber_rvv_vlen128_c908.start.split.575_616:[34.7850s]: Found 3 solutions so far... objective (minimize cycles): currently  (Cycles ~ 40.0, IPC ~ 1.02), bound  (Cycles ~ 40.0, IPC ~ 1.02)
INFO:intt_kyber_rvv_vlen128_c908.start.split.575_616:Closer than 0 stalls to theoretical optimum... stop
INFO:intt_kyber_rvv_vlen128_c908.start.split.575_616:OPTIMAL, wall time: 35.776267 s
INFO:intt_kyber_rvv_vlen128_c908.start.split.575_616:Booleans in result: 0
INFO:intt_kyber_rvv_vlen128_c908.start.split.575_616.selfcheck:OK!
WARNING:intt_kyber_rvv_vlen128_c908:LLVM (llvm-mc, llvm-nm, llvm-readobj) not found, disabling selftest. Consider installing LLVM.
INFO:intt_kyber_rvv_vlen128_c908.start.split.575_616:Minimum number of stalls: 19
INFO:intt_kyber_rvv_vlen128_c908.start.split.616_657:Perform internal binary search for minimal number of stalls...
INFO:intt_kyber_rvv_vlen128_c908.start.split.616_657:Attempt optimization with max 32 stalls...
INFO:intt_kyber_rvv_vlen128_c908.start.split.616_657:Setting timeout of 180 seconds...
INFO:intt_kyber_rvv_vlen128_c908.start.split.616_657:Objective: minimize cycles
INFO:intt_kyber_rvv_vlen128_c908.start.split.616_657:Invoking external constraint solver (OR-Tools CP-SAT v9.7.2996) ...
INFO:intt_kyber_rvv_vlen128_c908.start.split.616_657:INFEASIBLE, wall time: 2.186670 s
INFO:intt_kyber_rvv_vlen128_c908.start.split.616_657:Attempt optimization with max 64 stalls...
INFO:intt_kyber_rvv_vlen128_c908.start.split.616_657:Setting timeout of 180 seconds...
INFO:intt_kyber_rvv_vlen128_c908.start.split.616_657:Objective: minimize cycles
INFO:intt_kyber_rvv_vlen128_c908.start.split.616_657:Invoking external constraint solver (OR-Tools CP-SAT v9.7.2996) ...
INFO:intt_kyber_rvv_vlen128_c908.start.split.616_657:[0.9178s]: Found 1 solutions so far... objective (minimize cycles): currently  (Cycles ~ 80.0, IPC ~ 0.51), bound  (Cycles ~ 75.0, IPC ~ 0.55)
INFO:intt_kyber_rvv_vlen128_c908.start.split.616_657:[0.9503s]: Found 2 solutions so far... objective (minimize cycles): currently  (Cycles ~ 79.0, IPC ~ 0.52), bound  (Cycles ~ 78.0, IPC ~ 0.53)
INFO:intt_kyber_rvv_vlen128_c908.start.split.616_657:[0.9729s]: Found 3 solutions so far... objective (minimize cycles): currently  (Cycles ~ 78.0, IPC ~ 0.53), bound  (Cycles ~ 78.0, IPC ~ 0.53)
INFO:intt_kyber_rvv_vlen128_c908.start.split.616_657:Closer than 0 stalls to theoretical optimum... stop
INFO:intt_kyber_rvv_vlen128_c908.start.split.616_657:OPTIMAL, wall time: 1.067540 s
INFO:intt_kyber_rvv_vlen128_c908.start.split.616_657:Booleans in result: 0
INFO:intt_kyber_rvv_vlen128_c908.start.split.616_657.selfcheck:OK!
WARNING:intt_kyber_rvv_vlen128_c908:LLVM (llvm-mc, llvm-nm, llvm-readobj) not found, disabling selftest. Consider installing LLVM.
INFO:intt_kyber_rvv_vlen128_c908.start.split.616_657:Minimum number of stalls: 57
INFO:intt_kyber_rvv_vlen128_c908.start.split.657_698:Perform internal binary search for minimal number of stalls...
INFO:intt_kyber_rvv_vlen128_c908.start.split.657_698:Attempt optimization with max 32 stalls...
INFO:intt_kyber_rvv_vlen128_c908.start.split.657_698:Setting timeout of 180 seconds...
INFO:intt_kyber_rvv_vlen128_c908.start.split.657_698:Objective: minimize cycles
INFO:intt_kyber_rvv_vlen128_c908.start.split.657_698:Invoking external constraint solver (OR-Tools CP-SAT v9.7.2996) ...
INFO:intt_kyber_rvv_vlen128_c908.start.split.657_698:INFEASIBLE, wall time: 2.350519 s
INFO:intt_kyber_rvv_vlen128_c908.start.split.657_698:Attempt optimization with max 64 stalls...
INFO:intt_kyber_rvv_vlen128_c908.start.split.657_698:Setting timeout of 180 seconds...
INFO:intt_kyber_rvv_vlen128_c908.start.split.657_698:Objective: minimize cycles
INFO:intt_kyber_rvv_vlen128_c908.start.split.657_698:Invoking external constraint solver (OR-Tools CP-SAT v9.7.2996) ...
INFO:intt_kyber_rvv_vlen128_c908.start.split.657_698:[2.1891s]: Found 1 solutions so far... objective (minimize cycles): currently  (Cycles ~ 66.0, IPC ~ 0.62), bound  (Cycles ~ 61.0, IPC ~ 0.67)
INFO:intt_kyber_rvv_vlen128_c908.start.split.657_698:[2.2046s]: Found 2 solutions so far... objective (minimize cycles): currently  (Cycles ~ 65.0, IPC ~ 0.63), bound  (Cycles ~ 63.0, IPC ~ 0.65)
INFO:intt_kyber_rvv_vlen128_c908.start.split.657_698:[2.2118s]: Found 3 solutions so far... objective (minimize cycles): currently  (Cycles ~ 64.0, IPC ~ 0.64), bound  (Cycles ~ 63.0, IPC ~ 0.65)
INFO:intt_kyber_rvv_vlen128_c908.start.split.657_698:[2.2160s]: Found 4 solutions so far... objective (minimize cycles): currently  (Cycles ~ 63.0, IPC ~ 0.65), bound  (Cycles ~ 63.0, IPC ~ 0.65)
INFO:intt_kyber_rvv_vlen128_c908.start.split.657_698:Closer than 0 stalls to theoretical optimum... stop
INFO:intt_kyber_rvv_vlen128_c908.start.split.657_698:OPTIMAL, wall time: 3.134258 s
INFO:intt_kyber_rvv_vlen128_c908.start.split.657_698:Booleans in result: 579
INFO:intt_kyber_rvv_vlen128_c908.start.split.657_698.selfcheck:OK!
WARNING:intt_kyber_rvv_vlen128_c908:LLVM (llvm-mc, llvm-nm, llvm-readobj) not found, disabling selftest. Consider installing LLVM.
INFO:intt_kyber_rvv_vlen128_c908.start.split.657_698:Minimum number of stalls: 42
INFO:intt_kyber_rvv_vlen128_c908.start.split.698_739:Perform internal binary search for minimal number of stalls...
INFO:intt_kyber_rvv_vlen128_c908.start.split.698_739:Attempt optimization with max 32 stalls...
INFO:intt_kyber_rvv_vlen128_c908.start.split.698_739:Setting timeout of 180 seconds...
INFO:intt_kyber_rvv_vlen128_c908.start.split.698_739:Objective: minimize cycles
INFO:intt_kyber_rvv_vlen128_c908.start.split.698_739:Invoking external constraint solver (OR-Tools CP-SAT v9.7.2996) ...
INFO:intt_kyber_rvv_vlen128_c908.start.split.698_739:INFEASIBLE, wall time: 0.408282 s
INFO:intt_kyber_rvv_vlen128_c908.start.split.698_739:Attempt optimization with max 64 stalls...
INFO:intt_kyber_rvv_vlen128_c908.start.split.698_739:Setting timeout of 180 seconds...
INFO:intt_kyber_rvv_vlen128_c908.start.split.698_739:Objective: minimize cycles
INFO:intt_kyber_rvv_vlen128_c908.start.split.698_739:Invoking external constraint solver (OR-Tools CP-SAT v9.7.2996) ...
INFO:intt_kyber_rvv_vlen128_c908.start.split.698_739:[39.3577s]: Found 1 solutions so far... objective (minimize cycles): currently  (Cycles ~ 68.0, IPC ~ 0.60), bound  (Cycles ~ 65.0, IPC ~ 0.63)
INFO:intt_kyber_rvv_vlen128_c908.start.split.698_739:OPTIMAL, wall time: 40.666700 s
INFO:intt_kyber_rvv_vlen128_c908.start.split.698_739:Booleans in result: 0
INFO:intt_kyber_rvv_vlen128_c908.start.split.698_739.selfcheck:OK!
WARNING:intt_kyber_rvv_vlen128_c908:LLVM (llvm-mc, llvm-nm, llvm-readobj) not found, disabling selftest. Consider installing LLVM.
INFO:intt_kyber_rvv_vlen128_c908.start.split.698_739:Minimum number of stalls: 47
INFO:intt_kyber_rvv_vlen128_c908.start.split.739_780:Perform internal binary search for minimal number of stalls...
INFO:intt_kyber_rvv_vlen128_c908.start.split.739_780:Attempt optimization with max 32 stalls...
INFO:intt_kyber_rvv_vlen128_c908.start.split.739_780:Setting timeout of 180 seconds...
INFO:intt_kyber_rvv_vlen128_c908.start.split.739_780:Objective: minimize cycles
INFO:intt_kyber_rvv_vlen128_c908.start.split.739_780:Invoking external constraint solver (OR-Tools CP-SAT v9.7.2996) ...
INFO:intt_kyber_rvv_vlen128_c908.start.split.739_780:INFEASIBLE, wall time: 0.133755 s
INFO:intt_kyber_rvv_vlen128_c908.start.split.739_780:Attempt optimization with max 64 stalls...
INFO:intt_kyber_rvv_vlen128_c908.start.split.739_780:Setting timeout of 180 seconds...
INFO:intt_kyber_rvv_vlen128_c908.start.split.739_780:Objective: minimize cycles
INFO:intt_kyber_rvv_vlen128_c908.start.split.739_780:Invoking external constraint solver (OR-Tools CP-SAT v9.7.2996) ...
INFO:intt_kyber_rvv_vlen128_c908.start.split.739_780:[0.6437s]: Found 1 solutions so far... objective (minimize cycles): currently  (Cycles ~ 84.0, IPC ~ 0.49), bound  (Cycles ~ 76.0, IPC ~ 0.54)
INFO:intt_kyber_rvv_vlen128_c908.start.split.739_780:[0.6593s]: Found 2 solutions so far... objective (minimize cycles): currently  (Cycles ~ 83.0, IPC ~ 0.49), bound  (Cycles ~ 77.0, IPC ~ 0.53)
INFO:intt_kyber_rvv_vlen128_c908.start.split.739_780:[0.6718s]: Found 3 solutions so far... objective (minimize cycles): currently  (Cycles ~ 82.0, IPC ~ 0.50), bound  (Cycles ~ 77.0, IPC ~ 0.53)
INFO:intt_kyber_rvv_vlen128_c908.start.split.739_780:[0.6911s]: Found 4 solutions so far... objective (minimize cycles): currently  (Cycles ~ 81.0, IPC ~ 0.51), bound  (Cycles ~ 77.0, IPC ~ 0.53)
INFO:intt_kyber_rvv_vlen128_c908.start.split.739_780:OPTIMAL, wall time: 0.759362 s
INFO:intt_kyber_rvv_vlen128_c908.start.split.739_780:Booleans in result: 0
INFO:intt_kyber_rvv_vlen128_c908.start.split.739_780.selfcheck:OK!
WARNING:intt_kyber_rvv_vlen128_c908:LLVM (llvm-mc, llvm-nm, llvm-readobj) not found, disabling selftest. Consider installing LLVM.
INFO:intt_kyber_rvv_vlen128_c908.start.split.739_780:Minimum number of stalls: 60
INFO:intt_kyber_rvv_vlen128_c908.start.split.780_821:Perform internal binary search for minimal number of stalls...
INFO:intt_kyber_rvv_vlen128_c908.start.split.780_821:Attempt optimization with max 32 stalls...
INFO:intt_kyber_rvv_vlen128_c908.start.split.780_821:Setting timeout of 180 seconds...
INFO:intt_kyber_rvv_vlen128_c908.start.split.780_821:Objective: minimize cycles
INFO:intt_kyber_rvv_vlen128_c908.start.split.780_821:Invoking external constraint solver (OR-Tools CP-SAT v9.7.2996) ...
INFO:intt_kyber_rvv_vlen128_c908.start.split.780_821:[1.2046s]: Found 1 solutions so far... objective (minimize cycles): currently  (Cycles ~ 43.0, IPC ~ 0.95), bound  (Cycles ~ 39.0, IPC ~ 1.05)
INFO:intt_kyber_rvv_vlen128_c908.start.split.780_821:[1.2237s]: Found 2 solutions so far... objective (minimize cycles): currently  (Cycles ~ 42.0, IPC ~ 0.98), bound  (Cycles ~ 39.0, IPC ~ 1.05)
INFO:intt_kyber_rvv_vlen128_c908.start.split.780_821:[1.2414s]: Found 3 solutions so far... objective (minimize cycles): currently  (Cycles ~ 41.0, IPC ~ 1.00), bound  (Cycles ~ 40.0, IPC ~ 1.02)
INFO:intt_kyber_rvv_vlen128_c908.start.split.780_821:[1.2537s]: Found 4 solutions so far... objective (minimize cycles): currently  (Cycles ~ 40.0, IPC ~ 1.02), bound  (Cycles ~ 40.0, IPC ~ 1.02)
INFO:intt_kyber_rvv_vlen128_c908.start.split.780_821:Closer than 0 stalls to theoretical optimum... stop
INFO:intt_kyber_rvv_vlen128_c908.start.split.780_821:OPTIMAL, wall time: 3.286128 s
INFO:intt_kyber_rvv_vlen128_c908.start.split.780_821:Booleans in result: 0
INFO:intt_kyber_rvv_vlen128_c908.start.split.780_821.selfcheck:OK!
WARNING:intt_kyber_rvv_vlen128_c908:LLVM (llvm-mc, llvm-nm, llvm-readobj) not found, disabling selftest. Consider installing LLVM.
INFO:intt_kyber_rvv_vlen128_c908.start.split.780_821:Minimum number of stalls: 19
INFO:intt_kyber_rvv_vlen128_c908.start.split.821_862:Perform internal binary search for minimal number of stalls...
INFO:intt_kyber_rvv_vlen128_c908.start.split.821_862:Attempt optimization with max 32 stalls...
INFO:intt_kyber_rvv_vlen128_c908.start.split.821_862:Setting timeout of 180 seconds...
INFO:intt_kyber_rvv_vlen128_c908.start.split.821_862:Objective: minimize cycles
INFO:intt_kyber_rvv_vlen128_c908.start.split.821_862:Invoking external constraint solver (OR-Tools CP-SAT v9.7.2996) ...
INFO:intt_kyber_rvv_vlen128_c908.start.split.821_862:INFEASIBLE, wall time: 1.826500 s
INFO:intt_kyber_rvv_vlen128_c908.start.split.821_862:Attempt optimization with max 64 stalls...
INFO:intt_kyber_rvv_vlen128_c908.start.split.821_862:Setting timeout of 180 seconds...
INFO:intt_kyber_rvv_vlen128_c908.start.split.821_862:Objective: minimize cycles
INFO:intt_kyber_rvv_vlen128_c908.start.split.821_862:Invoking external constraint solver (OR-Tools CP-SAT v9.7.2996) ...
INFO:intt_kyber_rvv_vlen128_c908.start.split.821_862:INFEASIBLE, wall time: 2.075549 s
INFO:intt_kyber_rvv_vlen128_c908.start.split.821_862:Attempt optimization with max 128 stalls...
INFO:intt_kyber_rvv_vlen128_c908.start.split.821_862:Setting timeout of 180 seconds...
INFO:intt_kyber_rvv_vlen128_c908.start.split.821_862:Objective: minimize cycles
INFO:intt_kyber_rvv_vlen128_c908.start.split.821_862:Invoking external constraint solver (OR-Tools CP-SAT v9.7.2996) ...
INFO:intt_kyber_rvv_vlen128_c908.start.split.821_862:[56.4206s]: Found 1 solutions so far... objective (minimize cycles): currently  (Cycles ~ 114.0, IPC ~ 0.36), bound  (Cycles ~ 112.0, IPC ~ 0.37)
INFO:intt_kyber_rvv_vlen128_c908.start.split.821_862:OPTIMAL, wall time: 57.970811 s
INFO:intt_kyber_rvv_vlen128_c908.start.split.821_862:Booleans in result: 0
INFO:intt_kyber_rvv_vlen128_c908.start.split.821_862.selfcheck:OK!
WARNING:intt_kyber_rvv_vlen128_c908:LLVM (llvm-mc, llvm-nm, llvm-readobj) not found, disabling selftest. Consider installing LLVM.
INFO:intt_kyber_rvv_vlen128_c908.start.split.821_862:Minimum number of stalls: 93
INFO:intt_kyber_rvv_vlen128_c908.start.split.862_903:Perform internal binary search for minimal number of stalls...
INFO:intt_kyber_rvv_vlen128_c908.start.split.862_903:Attempt optimization with max 32 stalls...
INFO:intt_kyber_rvv_vlen128_c908.start.split.862_903:Setting timeout of 180 seconds...
INFO:intt_kyber_rvv_vlen128_c908.start.split.862_903:Objective: minimize cycles
INFO:intt_kyber_rvv_vlen128_c908.start.split.862_903:Invoking external constraint solver (OR-Tools CP-SAT v9.7.2996) ...
INFO:intt_kyber_rvv_vlen128_c908.start.split.862_903:[39.7949s]: Found 1 solutions so far... objective (minimize cycles): currently  (Cycles ~ 42.0, IPC ~ 0.98), bound  (Cycles ~ 41.0, IPC ~ 1.00)
INFO:intt_kyber_rvv_vlen128_c908.start.split.862_903:[39.8197s]: Found 2 solutions so far... objective (minimize cycles): currently  (Cycles ~ 41.0, IPC ~ 1.00), bound  (Cycles ~ 41.0, IPC ~ 1.00)
INFO:intt_kyber_rvv_vlen128_c908.start.split.862_903:Closer than 0 stalls to theoretical optimum... stop
INFO:intt_kyber_rvv_vlen128_c908.start.split.862_903:OPTIMAL, wall time: 40.711902 s
INFO:intt_kyber_rvv_vlen128_c908.start.split.862_903:Booleans in result: 0
INFO:intt_kyber_rvv_vlen128_c908.start.split.862_903.selfcheck:OK!
WARNING:intt_kyber_rvv_vlen128_c908:LLVM (llvm-mc, llvm-nm, llvm-readobj) not found, disabling selftest. Consider installing LLVM.
INFO:intt_kyber_rvv_vlen128_c908.start.split.862_903:Minimum number of stalls: 20
INFO:intt_kyber_rvv_vlen128_c908.start.split.903_944:Perform internal binary search for minimal number of stalls...
INFO:intt_kyber_rvv_vlen128_c908.start.split.903_944:Attempt optimization with max 32 stalls...
INFO:intt_kyber_rvv_vlen128_c908.start.split.903_944:Setting timeout of 180 seconds...
INFO:intt_kyber_rvv_vlen128_c908.start.split.903_944:Objective: minimize cycles
INFO:intt_kyber_rvv_vlen128_c908.start.split.903_944:Invoking external constraint solver (OR-Tools CP-SAT v9.7.2996) ...
INFO:intt_kyber_rvv_vlen128_c908.start.split.903_944:INFEASIBLE, wall time: 0.323139 s
INFO:intt_kyber_rvv_vlen128_c908.start.split.903_944:Attempt optimization with max 64 stalls...
INFO:intt_kyber_rvv_vlen128_c908.start.split.903_944:Setting timeout of 180 seconds...
INFO:intt_kyber_rvv_vlen128_c908.start.split.903_944:Objective: minimize cycles
INFO:intt_kyber_rvv_vlen128_c908.start.split.903_944:Invoking external constraint solver (OR-Tools CP-SAT v9.7.2996) ...
INFO:intt_kyber_rvv_vlen128_c908.start.split.903_944:INFEASIBLE, wall time: 0.675599 s
INFO:intt_kyber_rvv_vlen128_c908.start.split.903_944:Attempt optimization with max 128 stalls...
INFO:intt_kyber_rvv_vlen128_c908.start.split.903_944:Setting timeout of 180 seconds...
INFO:intt_kyber_rvv_vlen128_c908.start.split.903_944:Objective: minimize cycles
INFO:intt_kyber_rvv_vlen128_c908.start.split.903_944:Invoking external constraint solver (OR-Tools CP-SAT v9.7.2996) ...
INFO:intt_kyber_rvv_vlen128_c908.start.split.903_944:INFEASIBLE, wall time: 102.732134 s
INFO:intt_kyber_rvv_vlen128_c908.start.split.903_944:Attempt optimization with max 256 stalls...
INFO:intt_kyber_rvv_vlen128_c908.start.split.903_944:Setting timeout of 180 seconds...
INFO:intt_kyber_rvv_vlen128_c908.start.split.903_944:Objective: minimize cycles
INFO:intt_kyber_rvv_vlen128_c908.start.split.903_944:Invoking external constraint solver (OR-Tools CP-SAT v9.7.2996) ...
INFO:intt_kyber_rvv_vlen128_c908.start.split.903_944:UNKNOWN, wall time: 136.704510 s
INFO:intt_kyber_rvv_vlen128_c908.start.split.903_944:Attempt optimization with max 512 stalls...
INFO:intt_kyber_rvv_vlen128_c908.start.split.903_944:Setting timeout of 180 seconds...
INFO:intt_kyber_rvv_vlen128_c908.start.split.903_944:Objective: minimize cycles
INFO:intt_kyber_rvv_vlen128_c908.start.split.903_944:Invoking external constraint solver (OR-Tools CP-SAT v9.7.2996) ...
INFO:intt_kyber_rvv_vlen128_c908.start.split.903_944:UNKNOWN, wall time: 180.958962 s
ERROR:intt_kyber_rvv_vlen128_c908.start.split.903_944:Exceeded stall limit without finding a working solution
Traceback (most recent call last):
  File "/home/justus.bergerman/slothy/example.py", line 206, in <module>
    main()
  File "/home/justus.bergerman/slothy/example.py", line 192, in main
    run_example(
  File "/home/justus.bergerman/slothy/example.py", line 188, in run_example
    ex.run(**kwargs)
  File "/home/justus.bergerman/slothy/common/OptimizationRunner.py", line 219, in run
    self.core(slothy, *self.extra_args)
  File "/home/justus.bergerman/slothy/examples/naive/riscv/ntt_kyber/_example.py", line 304, in core
    slothy.optimize("start", "end")
  File "/home/justus.bergerman/slothy/slothy/core/slothy.py", line 397, in optimize
    early, core, late, num_exceptional = Heuristics.periodic(body, logger, c)
                                         ^^^^^^^^^^^^^^^^^^^^^^^^^^^^^^^^^^^^
  File "/home/justus.bergerman/slothy/slothy/core/heuristics.py", line 388, in periodic
    res = Heuristics.linear(body, logger=logger, conf=conf)
          ^^^^^^^^^^^^^^^^^^^^^^^^^^^^^^^^^^^^^^^^^^^^^^^^^
  File "/home/justus.bergerman/slothy/slothy/core/heuristics.py", line 478, in linear
    return Heuristics._split(body, logger, conf)
           ^^^^^^^^^^^^^^^^^^^^^^^^^^^^^^^^^^^^^
  File "/home/justus.bergerman/slothy/slothy/core/heuristics.py", line 1012, in _split
    return Heuristics._split_inner(body, logger, c)
           ^^^^^^^^^^^^^^^^^^^^^^^^^^^^^^^^^^^^^^^^
  File "/home/justus.bergerman/slothy/slothy/core/heuristics.py", line 898, in _split_inner
    cur_body, stalls, _ = optimize_chunks_many(
                          ^^^^^^^^^^^^^^^^^^^^^
  File "/home/justus.bergerman/slothy/slothy/core/heuristics.py", line 847, in optimize_chunks_many
    body, stalls, cur_stalls, local_perm = optimize_chunk(
                                           ^^^^^^^^^^^^^^^
  File "/home/justus.bergerman/slothy/slothy/core/heuristics.py", line 811, in optimize_chunk
    result = Heuristics.optimize_binsearch(
             ^^^^^^^^^^^^^^^^^^^^^^^^^^^^^^
  File "/home/justus.bergerman/slothy/slothy/core/heuristics.py", line 153, in optimize_binsearch
    return Heuristics.optimize_binsearch_internal(
           ^^^^^^^^^^^^^^^^^^^^^^^^^^^^^^^^^^^^^^^
  File "/home/justus.bergerman/slothy/slothy/core/heuristics.py", line 315, in optimize_binsearch_internal
    raise SlothyException("No solution found")
slothy.core.core.SlothyException: No solution found
