* Example: kyber_rej_uniform_rvv_vlen128_c908...
INFO:kyber_rej_uniform_rvv_vlen128_c908:Apply C preprocessor...
INFO:kyber_rej_uniform_rvv_vlen128_c908.start:SLOTHY version: unknown
INFO:kyber_rej_uniform_rvv_vlen128_c908:Instructions in body: 46
INFO:kyber_rej_uniform_rvv_vlen128_c908.start.slothy:Perform internal binary search for minimal number of stalls...
INFO:kyber_rej_uniform_rvv_vlen128_c908.start.slothy:Attempt optimization with max 32 stalls...
INFO:kyber_rej_uniform_rvv_vlen128_c908.start.slothy:Objective: minimize cycles
INFO:kyber_rej_uniform_rvv_vlen128_c908.start.slothy:Invoking external constraint solver (OR-Tools CP-SAT v9.7.2996) ...
INFO:kyber_rej_uniform_rvv_vlen128_c908.start.slothy:INFEASIBLE, wall time: 0.145152 s
INFO:kyber_rej_uniform_rvv_vlen128_c908.start.slothy:Attempt optimization with max 64 stalls...
INFO:kyber_rej_uniform_rvv_vlen128_c908.start.slothy:Objective: minimize cycles
INFO:kyber_rej_uniform_rvv_vlen128_c908.start.slothy:Invoking external constraint solver (OR-Tools CP-SAT v9.7.2996) ...
INFO:kyber_rej_uniform_rvv_vlen128_c908.start.slothy:[20.3063s]: Found 1 solutions so far... objective (minimize cycles): currently  (Cycles ~ 79.0, IPC ~ 0.58), bound  (Cycles ~ 56.0, IPC ~ 0.82)
INFO:kyber_rej_uniform_rvv_vlen128_c908.start.slothy:[38.2318s]: Found 2 solutions so far... objective (minimize cycles): currently  (Cycles ~ 78.0, IPC ~ 0.59), bound  (Cycles ~ 56.0, IPC ~ 0.82)
INFO:kyber_rej_uniform_rvv_vlen128_c908.start.slothy:[39.3430s]: Found 3 solutions so far... objective (minimize cycles): currently  (Cycles ~ 75.0, IPC ~ 0.61), bound  (Cycles ~ 56.0, IPC ~ 0.82)
INFO:kyber_rej_uniform_rvv_vlen128_c908.start.slothy:OPTIMAL, wall time: 181.033824 s
INFO:kyber_rej_uniform_rvv_vlen128_c908.start.slothy:Booleans in result: 1633
INFO:kyber_rej_uniform_rvv_vlen128_c908.start.slothy.selfcheck:OK!
WARNING:kyber_rej_uniform_rvv_vlen128_c908:LLVM (llvm-mc, llvm-nm, llvm-readobj) not found, disabling selftest. Consider installing LLVM.
INFO:kyber_rej_uniform_rvv_vlen128_c908.start.slothy:Minimum number of stalls: 52
INFO:kyber_rej_uniform_rvv_vlen128_c908:Apply C preprocessor...
INFO:kyber_rej_uniform_rvv_vlen128_c908.start_x2:SLOTHY version: unknown
INFO:kyber_rej_uniform_rvv_vlen128_c908:Instructions in body: 24
INFO:kyber_rej_uniform_rvv_vlen128_c908.start_x2.slothy:Perform internal binary search for minimal number of stalls...
INFO:kyber_rej_uniform_rvv_vlen128_c908.start_x2.slothy:Attempt optimization with max 32 stalls...
INFO:kyber_rej_uniform_rvv_vlen128_c908.start_x2.slothy:Objective: minimize cycles
INFO:kyber_rej_uniform_rvv_vlen128_c908.start_x2.slothy:Invoking external constraint solver (OR-Tools CP-SAT v9.7.2996) ...
INFO:kyber_rej_uniform_rvv_vlen128_c908.start_x2.slothy:[1.4442s]: Found 1 solutions so far... objective (minimize cycles): currently  (Cycles ~ 44.0, IPC ~ 0.55), bound  (Cycles ~ 35.0, IPC ~ 0.69)
INFO:kyber_rej_uniform_rvv_vlen128_c908.start_x2.slothy:OPTIMAL, wall time: 2.618496 s
INFO:kyber_rej_uniform_rvv_vlen128_c908.start_x2.slothy:Booleans in result: 0
INFO:kyber_rej_uniform_rvv_vlen128_c908.start_x2.slothy.selfcheck:OK!
WARNING:kyber_rej_uniform_rvv_vlen128_c908:LLVM (llvm-mc, llvm-nm, llvm-readobj) not found, disabling selftest. Consider installing LLVM.
INFO:kyber_rej_uniform_rvv_vlen128_c908.start_x2.slothy:Minimum number of stalls: 32
INFO:kyber_rej_uniform_rvv_vlen128_c908:Apply C preprocessor...
INFO:kyber_rej_uniform_rvv_vlen128_c908.start_x1:SLOTHY version: unknown
INFO:kyber_rej_uniform_rvv_vlen128_c908:Instructions in body: 13
INFO:kyber_rej_uniform_rvv_vlen128_c908.start_x1.slothy:Perform internal binary search for minimal number of stalls...
INFO:kyber_rej_uniform_rvv_vlen128_c908.start_x1.slothy:Attempt optimization with max 32 stalls...
INFO:kyber_rej_uniform_rvv_vlen128_c908.start_x1.slothy:Objective: minimize cycles
INFO:kyber_rej_uniform_rvv_vlen128_c908.start_x1.slothy:Invoking external constraint solver (OR-Tools CP-SAT v9.7.2996) ...
INFO:kyber_rej_uniform_rvv_vlen128_c908.start_x1.slothy:[0.4611s]: Found 1 solutions so far... objective (minimize cycles): currently  (Cycles ~ 39.0, IPC ~ 0.33), bound  (Cycles ~ 32.0, IPC ~ 0.41)
INFO:kyber_rej_uniform_rvv_vlen128_c908.start_x1.slothy:[0.5013s]: Found 2 solutions so far... objective (minimize cycles): currently  (Cycles ~ 34.0, IPC ~ 0.38), bound  (Cycles ~ 33.0, IPC ~ 0.39)
INFO:kyber_rej_uniform_rvv_vlen128_c908.start_x1.slothy:OPTIMAL, wall time: 1.577015 s
INFO:kyber_rej_uniform_rvv_vlen128_c908.start_x1.slothy:Booleans in result: 0
INFO:kyber_rej_uniform_rvv_vlen128_c908.start_x1.slothy.selfcheck:OK!
WARNING:kyber_rej_uniform_rvv_vlen128_c908:LLVM (llvm-mc, llvm-nm, llvm-readobj) not found, disabling selftest. Consider installing LLVM.
INFO:kyber_rej_uniform_rvv_vlen128_c908.start_x1.slothy:Minimum number of stalls: 27
