* Example: ntt_kyber_rvv_vlen128_c908...
INFO:ntt_kyber_rvv_vlen128_c908.start:SLOTHY version: unknown
INFO:ntt_kyber_rvv_vlen128_c908:Instructions in body: 778
INFO:ntt_kyber_rvv_vlen128_c908.start.split.0_78:Perform internal binary search for minimal number of stalls...
INFO:ntt_kyber_rvv_vlen128_c908.start.split.0_78:Attempt optimization with max 32 stalls...
INFO:ntt_kyber_rvv_vlen128_c908.start.split.0_78:Setting timeout of 300 seconds...
INFO:ntt_kyber_rvv_vlen128_c908.start.split.0_78:Objective: minimize cycles
INFO:ntt_kyber_rvv_vlen128_c908.start.split.0_78:Invoking external constraint solver (OR-Tools CP-SAT v9.7.2996) ...
INFO:ntt_kyber_rvv_vlen128_c908.start.split.0_78:INFEASIBLE, wall time: 0.119241 s
INFO:ntt_kyber_rvv_vlen128_c908.start.split.0_78:Attempt optimization with max 64 stalls...
INFO:ntt_kyber_rvv_vlen128_c908.start.split.0_78:Setting timeout of 300 seconds...
INFO:ntt_kyber_rvv_vlen128_c908.start.split.0_78:Objective: minimize cycles
INFO:ntt_kyber_rvv_vlen128_c908.start.split.0_78:Invoking external constraint solver (OR-Tools CP-SAT v9.7.2996) ...
INFO:ntt_kyber_rvv_vlen128_c908.start.split.0_78:INFEASIBLE, wall time: 0.391485 s
INFO:ntt_kyber_rvv_vlen128_c908.start.split.0_78:Attempt optimization with max 128 stalls...
INFO:ntt_kyber_rvv_vlen128_c908.start.split.0_78:Setting timeout of 300 seconds...
INFO:ntt_kyber_rvv_vlen128_c908.start.split.0_78:Objective: minimize cycles
INFO:ntt_kyber_rvv_vlen128_c908.start.split.0_78:Invoking external constraint solver (OR-Tools CP-SAT v9.7.2996) ...
INFO:ntt_kyber_rvv_vlen128_c908.start.split.0_78:INFEASIBLE, wall time: 6.237484 s
INFO:ntt_kyber_rvv_vlen128_c908.start.split.0_78:Attempt optimization with max 256 stalls...
INFO:ntt_kyber_rvv_vlen128_c908.start.split.0_78:Setting timeout of 300 seconds...
INFO:ntt_kyber_rvv_vlen128_c908.start.split.0_78:Objective: minimize cycles
INFO:ntt_kyber_rvv_vlen128_c908.start.split.0_78:Invoking external constraint solver (OR-Tools CP-SAT v9.7.2996) ...
INFO:ntt_kyber_rvv_vlen128_c908.start.split.0_78:[41.3423s]: Found 1 solutions so far... objective (minimize cycles): currently  (Cycles ~ 267.0, IPC ~ 0.29), bound  (Cycles ~ 201.0, IPC ~ 0.39)
INFO:ntt_kyber_rvv_vlen128_c908.start.split.0_78:[49.2466s]: Found 2 solutions so far... objective (minimize cycles): currently  (Cycles ~ 261.0, IPC ~ 0.30), bound  (Cycles ~ 206.0, IPC ~ 0.38)
INFO:ntt_kyber_rvv_vlen128_c908.start.split.0_78:[54.9744s]: Found 3 solutions so far... objective (minimize cycles): currently  (Cycles ~ 260.0, IPC ~ 0.30), bound  (Cycles ~ 208.0, IPC ~ 0.38)
INFO:ntt_kyber_rvv_vlen128_c908.start.split.0_78:[55.2037s]: Found 4 solutions so far... objective (minimize cycles): currently  (Cycles ~ 258.0, IPC ~ 0.30), bound  (Cycles ~ 208.0, IPC ~ 0.38)
INFO:ntt_kyber_rvv_vlen128_c908.start.split.0_78:[56.5756s]: Found 5 solutions so far... objective (minimize cycles): currently  (Cycles ~ 255.0, IPC ~ 0.31), bound  (Cycles ~ 208.0, IPC ~ 0.38)
INFO:ntt_kyber_rvv_vlen128_c908.start.split.0_78:[58.2160s]: Found 6 solutions so far... objective (minimize cycles): currently  (Cycles ~ 254.0, IPC ~ 0.31), bound  (Cycles ~ 208.0, IPC ~ 0.38)
INFO:ntt_kyber_rvv_vlen128_c908.start.split.0_78:[60.7860s]: Found 7 solutions so far... objective (minimize cycles): currently  (Cycles ~ 253.0, IPC ~ 0.31), bound  (Cycles ~ 209.0, IPC ~ 0.37)
INFO:ntt_kyber_rvv_vlen128_c908.start.split.0_78:[74.9858s]: Found 8 solutions so far... objective (minimize cycles): currently  (Cycles ~ 252.0, IPC ~ 0.31), bound  (Cycles ~ 225.0, IPC ~ 0.35)
INFO:ntt_kyber_rvv_vlen128_c908.start.split.0_78:OPTIMAL, wall time: 126.335465 s
INFO:ntt_kyber_rvv_vlen128_c908.start.split.0_78:Booleans in result: 1099
INFO:ntt_kyber_rvv_vlen128_c908.start.split.0_78.selfcheck:OK!
WARNING:ntt_kyber_rvv_vlen128_c908:LLVM (llvm-mc, llvm-nm, llvm-readobj) not found, disabling selftest. Consider installing LLVM.
INFO:ntt_kyber_rvv_vlen128_c908.start.split.0_78:Minimum number of stalls: 213
INFO:ntt_kyber_rvv_vlen128_c908.start.split.78_156:Perform internal binary search for minimal number of stalls...
INFO:ntt_kyber_rvv_vlen128_c908.start.split.78_156:Attempt optimization with max 32 stalls...
INFO:ntt_kyber_rvv_vlen128_c908.start.split.78_156:Setting timeout of 300 seconds...
INFO:ntt_kyber_rvv_vlen128_c908.start.split.78_156:Objective: minimize cycles
INFO:ntt_kyber_rvv_vlen128_c908.start.split.78_156:Invoking external constraint solver (OR-Tools CP-SAT v9.7.2996) ...
INFO:ntt_kyber_rvv_vlen128_c908.start.split.78_156:INFEASIBLE, wall time: 2.527531 s
INFO:ntt_kyber_rvv_vlen128_c908.start.split.78_156:Attempt optimization with max 64 stalls...
INFO:ntt_kyber_rvv_vlen128_c908.start.split.78_156:Setting timeout of 300 seconds...
INFO:ntt_kyber_rvv_vlen128_c908.start.split.78_156:Objective: minimize cycles
INFO:ntt_kyber_rvv_vlen128_c908.start.split.78_156:Invoking external constraint solver (OR-Tools CP-SAT v9.7.2996) ...
INFO:ntt_kyber_rvv_vlen128_c908.start.split.78_156:INFEASIBLE, wall time: 4.482262 s
INFO:ntt_kyber_rvv_vlen128_c908.start.split.78_156:Attempt optimization with max 128 stalls...
INFO:ntt_kyber_rvv_vlen128_c908.start.split.78_156:Setting timeout of 300 seconds...
INFO:ntt_kyber_rvv_vlen128_c908.start.split.78_156:Objective: minimize cycles
INFO:ntt_kyber_rvv_vlen128_c908.start.split.78_156:Invoking external constraint solver (OR-Tools CP-SAT v9.7.2996) ...
INFO:ntt_kyber_rvv_vlen128_c908.start.split.78_156:INFEASIBLE, wall time: 6.428568 s
INFO:ntt_kyber_rvv_vlen128_c908.start.split.78_156:Attempt optimization with max 256 stalls...
INFO:ntt_kyber_rvv_vlen128_c908.start.split.78_156:Setting timeout of 300 seconds...
INFO:ntt_kyber_rvv_vlen128_c908.start.split.78_156:Objective: minimize cycles
INFO:ntt_kyber_rvv_vlen128_c908.start.split.78_156:Invoking external constraint solver (OR-Tools CP-SAT v9.7.2996) ...
INFO:ntt_kyber_rvv_vlen128_c908.start.split.78_156:[32.4586s]: Found 1 solutions so far... objective (minimize cycles): currently  (Cycles ~ 203.0, IPC ~ 0.38), bound  (Cycles ~ 196.0, IPC ~ 0.40)
INFO:ntt_kyber_rvv_vlen128_c908.start.split.78_156:OPTIMAL, wall time: 34.663529 s
INFO:ntt_kyber_rvv_vlen128_c908.start.split.78_156:Booleans in result: 1751
INFO:ntt_kyber_rvv_vlen128_c908.start.split.78_156.selfcheck:OK!
WARNING:ntt_kyber_rvv_vlen128_c908:LLVM (llvm-mc, llvm-nm, llvm-readobj) not found, disabling selftest. Consider installing LLVM.
INFO:ntt_kyber_rvv_vlen128_c908.start.split.78_156:Minimum number of stalls: 164
INFO:ntt_kyber_rvv_vlen128_c908.start.split.156_233:Perform internal binary search for minimal number of stalls...
INFO:ntt_kyber_rvv_vlen128_c908.start.split.156_233:Attempt optimization with max 32 stalls...
INFO:ntt_kyber_rvv_vlen128_c908.start.split.156_233:Setting timeout of 300 seconds...
INFO:ntt_kyber_rvv_vlen128_c908.start.split.156_233:Objective: minimize cycles
INFO:ntt_kyber_rvv_vlen128_c908.start.split.156_233:Invoking external constraint solver (OR-Tools CP-SAT v9.7.2996) ...
INFO:ntt_kyber_rvv_vlen128_c908.start.split.156_233:INFEASIBLE, wall time: 3.359838 s
INFO:ntt_kyber_rvv_vlen128_c908.start.split.156_233:Attempt optimization with max 64 stalls...
INFO:ntt_kyber_rvv_vlen128_c908.start.split.156_233:Setting timeout of 300 seconds...
INFO:ntt_kyber_rvv_vlen128_c908.start.split.156_233:Objective: minimize cycles
INFO:ntt_kyber_rvv_vlen128_c908.start.split.156_233:Invoking external constraint solver (OR-Tools CP-SAT v9.7.2996) ...
INFO:ntt_kyber_rvv_vlen128_c908.start.split.156_233:INFEASIBLE, wall time: 27.312697 s
INFO:ntt_kyber_rvv_vlen128_c908.start.split.156_233:Attempt optimization with max 128 stalls...
INFO:ntt_kyber_rvv_vlen128_c908.start.split.156_233:Setting timeout of 300 seconds...
INFO:ntt_kyber_rvv_vlen128_c908.start.split.156_233:Objective: minimize cycles
INFO:ntt_kyber_rvv_vlen128_c908.start.split.156_233:Invoking external constraint solver (OR-Tools CP-SAT v9.7.2996) ...
INFO:ntt_kyber_rvv_vlen128_c908.start.split.156_233:[17.3640s]: Found 1 solutions so far... objective (minimize cycles): currently  (Cycles ~ 120.0, IPC ~ 0.64), bound  (Cycles ~ 119.0, IPC ~ 0.65)
INFO:ntt_kyber_rvv_vlen128_c908.start.split.156_233:OPTIMAL, wall time: 23.109014 s
INFO:ntt_kyber_rvv_vlen128_c908.start.split.156_233:Booleans in result: 2009
INFO:ntt_kyber_rvv_vlen128_c908.start.split.156_233.selfcheck:OK!
WARNING:ntt_kyber_rvv_vlen128_c908:LLVM (llvm-mc, llvm-nm, llvm-readobj) not found, disabling selftest. Consider installing LLVM.
INFO:ntt_kyber_rvv_vlen128_c908.start.split.156_233:Minimum number of stalls: 81
INFO:ntt_kyber_rvv_vlen128_c908.start.split.233_311:Perform internal binary search for minimal number of stalls...
INFO:ntt_kyber_rvv_vlen128_c908.start.split.233_311:Attempt optimization with max 32 stalls...
INFO:ntt_kyber_rvv_vlen128_c908.start.split.233_311:Setting timeout of 300 seconds...
INFO:ntt_kyber_rvv_vlen128_c908.start.split.233_311:Objective: minimize cycles
INFO:ntt_kyber_rvv_vlen128_c908.start.split.233_311:Invoking external constraint solver (OR-Tools CP-SAT v9.7.2996) ...
INFO:ntt_kyber_rvv_vlen128_c908.start.split.233_311:INFEASIBLE, wall time: 6.115033 s
INFO:ntt_kyber_rvv_vlen128_c908.start.split.233_311:Attempt optimization with max 64 stalls...
INFO:ntt_kyber_rvv_vlen128_c908.start.split.233_311:Setting timeout of 300 seconds...
INFO:ntt_kyber_rvv_vlen128_c908.start.split.233_311:Objective: minimize cycles
INFO:ntt_kyber_rvv_vlen128_c908.start.split.233_311:Invoking external constraint solver (OR-Tools CP-SAT v9.7.2996) ...
INFO:ntt_kyber_rvv_vlen128_c908.start.split.233_311:[5.3142s]: Found 1 solutions so far... objective (minimize cycles): currently  (Cycles ~ 103.0, IPC ~ 0.76), bound  (Cycles ~ 97.0, IPC ~ 0.80)
INFO:ntt_kyber_rvv_vlen128_c908.start.split.233_311:[5.3173s]: Found 2 solutions so far... objective (minimize cycles): currently  (Cycles ~ 101.0, IPC ~ 0.77), bound  (Cycles ~ 97.0, IPC ~ 0.80)
INFO:ntt_kyber_rvv_vlen128_c908.start.split.233_311:[5.3315s]: Found 3 solutions so far... objective (minimize cycles): currently  (Cycles ~ 99.0, IPC ~ 0.79), bound  (Cycles ~ 97.0, IPC ~ 0.80)
INFO:ntt_kyber_rvv_vlen128_c908.start.split.233_311:OPTIMAL, wall time: 5.845753 s
INFO:ntt_kyber_rvv_vlen128_c908.start.split.233_311:Booleans in result: 588
INFO:ntt_kyber_rvv_vlen128_c908.start.split.233_311.selfcheck:OK!
WARNING:ntt_kyber_rvv_vlen128_c908:LLVM (llvm-mc, llvm-nm, llvm-readobj) not found, disabling selftest. Consider installing LLVM.
INFO:ntt_kyber_rvv_vlen128_c908.start.split.233_311:Minimum number of stalls: 60
INFO:ntt_kyber_rvv_vlen128_c908.start.split.311_389:Perform internal binary search for minimal number of stalls...
INFO:ntt_kyber_rvv_vlen128_c908.start.split.311_389:Attempt optimization with max 32 stalls...
INFO:ntt_kyber_rvv_vlen128_c908.start.split.311_389:Setting timeout of 300 seconds...
INFO:ntt_kyber_rvv_vlen128_c908.start.split.311_389:Objective: minimize cycles
INFO:ntt_kyber_rvv_vlen128_c908.start.split.311_389:Invoking external constraint solver (OR-Tools CP-SAT v9.7.2996) ...
INFO:ntt_kyber_rvv_vlen128_c908.start.split.311_389:INFEASIBLE, wall time: 2.562258 s
INFO:ntt_kyber_rvv_vlen128_c908.start.split.311_389:Attempt optimization with max 64 stalls...
INFO:ntt_kyber_rvv_vlen128_c908.start.split.311_389:Setting timeout of 300 seconds...
INFO:ntt_kyber_rvv_vlen128_c908.start.split.311_389:Objective: minimize cycles
INFO:ntt_kyber_rvv_vlen128_c908.start.split.311_389:Invoking external constraint solver (OR-Tools CP-SAT v9.7.2996) ...
INFO:ntt_kyber_rvv_vlen128_c908.start.split.311_389:[64.9966s]: Found 1 solutions so far... objective (minimize cycles): currently  (Cycles ~ 103.0, IPC ~ 0.76), bound  (Cycles ~ 81.0, IPC ~ 0.96)
INFO:ntt_kyber_rvv_vlen128_c908.start.split.311_389:[65.6576s]: Found 2 solutions so far... objective (minimize cycles): currently  (Cycles ~ 102.0, IPC ~ 0.76), bound  (Cycles ~ 81.0, IPC ~ 0.96)
INFO:ntt_kyber_rvv_vlen128_c908.start.split.311_389:[65.6980s]: Found 3 solutions so far... objective (minimize cycles): currently  (Cycles ~ 83.0, IPC ~ 0.94), bound  (Cycles ~ 81.0, IPC ~ 0.96)
INFO:ntt_kyber_rvv_vlen128_c908.start.split.311_389:[65.8191s]: Found 4 solutions so far... objective (minimize cycles): currently  (Cycles ~ 82.0, IPC ~ 0.95), bound  (Cycles ~ 82.0, IPC ~ 0.95)
INFO:ntt_kyber_rvv_vlen128_c908.start.split.311_389:Closer than 0 stalls to theoretical optimum... stop
INFO:ntt_kyber_rvv_vlen128_c908.start.split.311_389:OPTIMAL, wall time: 66.766220 s
INFO:ntt_kyber_rvv_vlen128_c908.start.split.311_389:Booleans in result: 0
INFO:ntt_kyber_rvv_vlen128_c908.start.split.311_389.selfcheck:OK!
WARNING:ntt_kyber_rvv_vlen128_c908:LLVM (llvm-mc, llvm-nm, llvm-readobj) not found, disabling selftest. Consider installing LLVM.
INFO:ntt_kyber_rvv_vlen128_c908.start.split.311_389:Minimum number of stalls: 43
INFO:ntt_kyber_rvv_vlen128_c908.start.split.389_467:Perform internal binary search for minimal number of stalls...
INFO:ntt_kyber_rvv_vlen128_c908.start.split.389_467:Attempt optimization with max 32 stalls...
INFO:ntt_kyber_rvv_vlen128_c908.start.split.389_467:Setting timeout of 300 seconds...
INFO:ntt_kyber_rvv_vlen128_c908.start.split.389_467:Objective: minimize cycles
INFO:ntt_kyber_rvv_vlen128_c908.start.split.389_467:Invoking external constraint solver (OR-Tools CP-SAT v9.7.2996) ...
INFO:ntt_kyber_rvv_vlen128_c908.start.split.389_467:INFEASIBLE, wall time: 0.195838 s
INFO:ntt_kyber_rvv_vlen128_c908.start.split.389_467:Attempt optimization with max 64 stalls...
INFO:ntt_kyber_rvv_vlen128_c908.start.split.389_467:Setting timeout of 300 seconds...
INFO:ntt_kyber_rvv_vlen128_c908.start.split.389_467:Objective: minimize cycles
INFO:ntt_kyber_rvv_vlen128_c908.start.split.389_467:Invoking external constraint solver (OR-Tools CP-SAT v9.7.2996) ...
INFO:ntt_kyber_rvv_vlen128_c908.start.split.389_467:INFEASIBLE, wall time: 0.643636 s
INFO:ntt_kyber_rvv_vlen128_c908.start.split.389_467:Attempt optimization with max 128 stalls...
INFO:ntt_kyber_rvv_vlen128_c908.start.split.389_467:Setting timeout of 300 seconds...
INFO:ntt_kyber_rvv_vlen128_c908.start.split.389_467:Objective: minimize cycles
INFO:ntt_kyber_rvv_vlen128_c908.start.split.389_467:Invoking external constraint solver (OR-Tools CP-SAT v9.7.2996) ...
INFO:ntt_kyber_rvv_vlen128_c908.start.split.389_467:INFEASIBLE, wall time: 7.025972 s
INFO:ntt_kyber_rvv_vlen128_c908.start.split.389_467:Attempt optimization with max 256 stalls...
INFO:ntt_kyber_rvv_vlen128_c908.start.split.389_467:Setting timeout of 300 seconds...
INFO:ntt_kyber_rvv_vlen128_c908.start.split.389_467:Objective: minimize cycles
INFO:ntt_kyber_rvv_vlen128_c908.start.split.389_467:Invoking external constraint solver (OR-Tools CP-SAT v9.7.2996) ...
INFO:ntt_kyber_rvv_vlen128_c908.start.split.389_467:[101.1599s]: Found 1 solutions so far... objective (minimize cycles): currently  (Cycles ~ 222.0, IPC ~ 0.35), bound  (Cycles ~ 143.0, IPC ~ 0.55)
INFO:ntt_kyber_rvv_vlen128_c908.start.split.389_467:[113.6465s]: Found 2 solutions so far... objective (minimize cycles): currently  (Cycles ~ 212.0, IPC ~ 0.37), bound  (Cycles ~ 143.0, IPC ~ 0.55)
INFO:ntt_kyber_rvv_vlen128_c908.start.split.389_467:[121.5457s]: Found 3 solutions so far... objective (minimize cycles): currently  (Cycles ~ 211.0, IPC ~ 0.37), bound  (Cycles ~ 143.0, IPC ~ 0.55)
INFO:ntt_kyber_rvv_vlen128_c908.start.split.389_467:FEASIBLE, wall time: 305.815880 s
INFO:ntt_kyber_rvv_vlen128_c908.start.split.389_467:Booleans in result: 2151
INFO:ntt_kyber_rvv_vlen128_c908.start.split.389_467.selfcheck:OK!
WARNING:ntt_kyber_rvv_vlen128_c908:LLVM (llvm-mc, llvm-nm, llvm-readobj) not found, disabling selftest. Consider installing LLVM.
INFO:ntt_kyber_rvv_vlen128_c908.start.split.389_467:Minimum number of stalls: 172
INFO:ntt_kyber_rvv_vlen128_c908.start.split.467_545:Perform internal binary search for minimal number of stalls...
INFO:ntt_kyber_rvv_vlen128_c908.start.split.467_545:Attempt optimization with max 32 stalls...
INFO:ntt_kyber_rvv_vlen128_c908.start.split.467_545:Setting timeout of 300 seconds...
INFO:ntt_kyber_rvv_vlen128_c908.start.split.467_545:Objective: minimize cycles
INFO:ntt_kyber_rvv_vlen128_c908.start.split.467_545:Invoking external constraint solver (OR-Tools CP-SAT v9.7.2996) ...
INFO:ntt_kyber_rvv_vlen128_c908.start.split.467_545:INFEASIBLE, wall time: 27.016491 s
INFO:ntt_kyber_rvv_vlen128_c908.start.split.467_545:Attempt optimization with max 64 stalls...
INFO:ntt_kyber_rvv_vlen128_c908.start.split.467_545:Setting timeout of 300 seconds...
INFO:ntt_kyber_rvv_vlen128_c908.start.split.467_545:Objective: minimize cycles
INFO:ntt_kyber_rvv_vlen128_c908.start.split.467_545:Invoking external constraint solver (OR-Tools CP-SAT v9.7.2996) ...
INFO:ntt_kyber_rvv_vlen128_c908.start.split.467_545:INFEASIBLE, wall time: 30.092039 s
INFO:ntt_kyber_rvv_vlen128_c908.start.split.467_545:Attempt optimization with max 128 stalls...
INFO:ntt_kyber_rvv_vlen128_c908.start.split.467_545:Setting timeout of 300 seconds...
INFO:ntt_kyber_rvv_vlen128_c908.start.split.467_545:Objective: minimize cycles
INFO:ntt_kyber_rvv_vlen128_c908.start.split.467_545:Invoking external constraint solver (OR-Tools CP-SAT v9.7.2996) ...
INFO:ntt_kyber_rvv_vlen128_c908.start.split.467_545:[5.5529s]: Found 1 solutions so far... objective (minimize cycles): currently  (Cycles ~ 156.0, IPC ~ 0.50), bound  (Cycles ~ 153.0, IPC ~ 0.51)
INFO:ntt_kyber_rvv_vlen128_c908.start.split.467_545:[5.6103s]: Found 2 solutions so far... objective (minimize cycles): currently  (Cycles ~ 155.0, IPC ~ 0.50), bound  (Cycles ~ 155.0, IPC ~ 0.50)
INFO:ntt_kyber_rvv_vlen128_c908.start.split.467_545:Closer than 0 stalls to theoretical optimum... stop
INFO:ntt_kyber_rvv_vlen128_c908.start.split.467_545:OPTIMAL, wall time: 6.031300 s
INFO:ntt_kyber_rvv_vlen128_c908.start.split.467_545:Booleans in result: 0
INFO:ntt_kyber_rvv_vlen128_c908.start.split.467_545.selfcheck:OK!
WARNING:ntt_kyber_rvv_vlen128_c908:LLVM (llvm-mc, llvm-nm, llvm-readobj) not found, disabling selftest. Consider installing LLVM.
INFO:ntt_kyber_rvv_vlen128_c908.start.split.467_545:Minimum number of stalls: 116
INFO:ntt_kyber_rvv_vlen128_c908.start.split.545_622:Perform internal binary search for minimal number of stalls...
INFO:ntt_kyber_rvv_vlen128_c908.start.split.545_622:Attempt optimization with max 32 stalls...
INFO:ntt_kyber_rvv_vlen128_c908.start.split.545_622:Setting timeout of 300 seconds...
INFO:ntt_kyber_rvv_vlen128_c908.start.split.545_622:Objective: minimize cycles
INFO:ntt_kyber_rvv_vlen128_c908.start.split.545_622:Invoking external constraint solver (OR-Tools CP-SAT v9.7.2996) ...
INFO:ntt_kyber_rvv_vlen128_c908.start.split.545_622:INFEASIBLE, wall time: 0.633868 s
INFO:ntt_kyber_rvv_vlen128_c908.start.split.545_622:Attempt optimization with max 64 stalls...
INFO:ntt_kyber_rvv_vlen128_c908.start.split.545_622:Setting timeout of 300 seconds...
INFO:ntt_kyber_rvv_vlen128_c908.start.split.545_622:Objective: minimize cycles
INFO:ntt_kyber_rvv_vlen128_c908.start.split.545_622:Invoking external constraint solver (OR-Tools CP-SAT v9.7.2996) ...
INFO:ntt_kyber_rvv_vlen128_c908.start.split.545_622:INFEASIBLE, wall time: 0.893617 s
INFO:ntt_kyber_rvv_vlen128_c908.start.split.545_622:Attempt optimization with max 128 stalls...
INFO:ntt_kyber_rvv_vlen128_c908.start.split.545_622:Setting timeout of 300 seconds...
INFO:ntt_kyber_rvv_vlen128_c908.start.split.545_622:Objective: minimize cycles
INFO:ntt_kyber_rvv_vlen128_c908.start.split.545_622:Invoking external constraint solver (OR-Tools CP-SAT v9.7.2996) ...
INFO:ntt_kyber_rvv_vlen128_c908.start.split.545_622:[8.4267s]: Found 1 solutions so far... objective (minimize cycles): currently  (Cycles ~ 139.0, IPC ~ 0.55), bound  (Cycles ~ 138.0, IPC ~ 0.56)
INFO:ntt_kyber_rvv_vlen128_c908.start.split.545_622:OPTIMAL, wall time: 11.605251 s
INFO:ntt_kyber_rvv_vlen128_c908.start.split.545_622:Booleans in result: 1043
INFO:ntt_kyber_rvv_vlen128_c908.start.split.545_622.selfcheck:OK!
WARNING:ntt_kyber_rvv_vlen128_c908:LLVM (llvm-mc, llvm-nm, llvm-readobj) not found, disabling selftest. Consider installing LLVM.
INFO:ntt_kyber_rvv_vlen128_c908.start.split.545_622:Minimum number of stalls: 100
INFO:ntt_kyber_rvv_vlen128_c908.start.split.622_700:Perform internal binary search for minimal number of stalls...
INFO:ntt_kyber_rvv_vlen128_c908.start.split.622_700:Attempt optimization with max 32 stalls...
INFO:ntt_kyber_rvv_vlen128_c908.start.split.622_700:Setting timeout of 300 seconds...
INFO:ntt_kyber_rvv_vlen128_c908.start.split.622_700:Objective: minimize cycles
INFO:ntt_kyber_rvv_vlen128_c908.start.split.622_700:Invoking external constraint solver (OR-Tools CP-SAT v9.7.2996) ...
INFO:ntt_kyber_rvv_vlen128_c908.start.split.622_700:INFEASIBLE, wall time: 54.033684 s
INFO:ntt_kyber_rvv_vlen128_c908.start.split.622_700:Attempt optimization with max 64 stalls...
INFO:ntt_kyber_rvv_vlen128_c908.start.split.622_700:Setting timeout of 300 seconds...
INFO:ntt_kyber_rvv_vlen128_c908.start.split.622_700:Objective: minimize cycles
INFO:ntt_kyber_rvv_vlen128_c908.start.split.622_700:Invoking external constraint solver (OR-Tools CP-SAT v9.7.2996) ...
INFO:ntt_kyber_rvv_vlen128_c908.start.split.622_700:UNKNOWN, wall time: 253.934400 s
INFO:ntt_kyber_rvv_vlen128_c908.start.split.622_700:Attempt optimization with max 128 stalls...
INFO:ntt_kyber_rvv_vlen128_c908.start.split.622_700:Setting timeout of 300 seconds...
INFO:ntt_kyber_rvv_vlen128_c908.start.split.622_700:Objective: minimize cycles
INFO:ntt_kyber_rvv_vlen128_c908.start.split.622_700:Invoking external constraint solver (OR-Tools CP-SAT v9.7.2996) ...
INFO:ntt_kyber_rvv_vlen128_c908.start.split.622_700:UNKNOWN, wall time: 304.679823 s
INFO:ntt_kyber_rvv_vlen128_c908.start.split.622_700:Attempt optimization with max 256 stalls...
INFO:ntt_kyber_rvv_vlen128_c908.start.split.622_700:Setting timeout of 300 seconds...
INFO:ntt_kyber_rvv_vlen128_c908.start.split.622_700:Objective: minimize cycles
INFO:ntt_kyber_rvv_vlen128_c908.start.split.622_700:Invoking external constraint solver (OR-Tools CP-SAT v9.7.2996) ...
INFO:ntt_kyber_rvv_vlen128_c908.start.split.622_700:UNKNOWN, wall time: 304.143262 s
INFO:ntt_kyber_rvv_vlen128_c908.start.split.622_700:Attempt optimization with max 512 stalls...
INFO:ntt_kyber_rvv_vlen128_c908.start.split.622_700:Setting timeout of 300 seconds...
INFO:ntt_kyber_rvv_vlen128_c908.start.split.622_700:Objective: minimize cycles
INFO:ntt_kyber_rvv_vlen128_c908.start.split.622_700:Invoking external constraint solver (OR-Tools CP-SAT v9.7.2996) ...
INFO:ntt_kyber_rvv_vlen128_c908.start.split.622_700:UNKNOWN, wall time: 303.665013 s
INFO:ntt_kyber_rvv_vlen128_c908.start.split.622_700:Attempt optimization with max 1024 stalls...
INFO:ntt_kyber_rvv_vlen128_c908.start.split.622_700:Setting timeout of 300 seconds...
INFO:ntt_kyber_rvv_vlen128_c908.start.split.622_700:Objective: minimize cycles
INFO:ntt_kyber_rvv_vlen128_c908.start.split.622_700:Invoking external constraint solver (OR-Tools CP-SAT v9.7.2996) ...
INFO:ntt_kyber_rvv_vlen128_c908.start.split.622_700:UNKNOWN, wall time: 306.423076 s
INFO:ntt_kyber_rvv_vlen128_c908.start.split.622_700:Attempt optimization with max 2048 stalls...
INFO:ntt_kyber_rvv_vlen128_c908.start.split.622_700:Setting timeout of 300 seconds...
INFO:ntt_kyber_rvv_vlen128_c908.start.split.622_700:Objective: minimize cycles
INFO:ntt_kyber_rvv_vlen128_c908.start.split.622_700:Invoking external constraint solver (OR-Tools CP-SAT v9.7.2996) ...
INFO:ntt_kyber_rvv_vlen128_c908.start.split.622_700:UNKNOWN, wall time: 303.960147 s
INFO:ntt_kyber_rvv_vlen128_c908.start.split.622_700:Attempt optimization with max 4096 stalls...
INFO:ntt_kyber_rvv_vlen128_c908.start.split.622_700:Setting timeout of 300 seconds...
INFO:ntt_kyber_rvv_vlen128_c908.start.split.622_700:Objective: minimize cycles
INFO:ntt_kyber_rvv_vlen128_c908.start.split.622_700:Invoking external constraint solver (OR-Tools CP-SAT v9.7.2996) ...
INFO:ntt_kyber_rvv_vlen128_c908.start.split.622_700:UNKNOWN, wall time: 308.749722 s
ERROR:ntt_kyber_rvv_vlen128_c908.start.split.622_700:Exceeded stall limit without finding a working solution
Traceback (most recent call last):
  File "/home/justus.bergerman/slothy/example.py", line 206, in <module>
    main()
  File "/home/justus.bergerman/slothy/example.py", line 192, in main
    run_example(
  File "/home/justus.bergerman/slothy/example.py", line 188, in run_example
    ex.run(**kwargs)
  File "/home/justus.bergerman/slothy/common/OptimizationRunner.py", line 219, in run
    self.core(slothy, *self.extra_args)
  File "/home/justus.bergerman/slothy/examples/naive/riscv/ntt_kyber/_example.py", line 263, in core
    slothy.optimize("start", "end")
  File "/home/justus.bergerman/slothy/slothy/core/slothy.py", line 397, in optimize
    early, core, late, num_exceptional = Heuristics.periodic(body, logger, c)
                                         ^^^^^^^^^^^^^^^^^^^^^^^^^^^^^^^^^^^^
  File "/home/justus.bergerman/slothy/slothy/core/heuristics.py", line 388, in periodic
    res = Heuristics.linear(body, logger=logger, conf=conf)
          ^^^^^^^^^^^^^^^^^^^^^^^^^^^^^^^^^^^^^^^^^^^^^^^^^
  File "/home/justus.bergerman/slothy/slothy/core/heuristics.py", line 478, in linear
    return Heuristics._split(body, logger, conf)
           ^^^^^^^^^^^^^^^^^^^^^^^^^^^^^^^^^^^^^
  File "/home/justus.bergerman/slothy/slothy/core/heuristics.py", line 1012, in _split
    return Heuristics._split_inner(body, logger, c)
           ^^^^^^^^^^^^^^^^^^^^^^^^^^^^^^^^^^^^^^^^
  File "/home/justus.bergerman/slothy/slothy/core/heuristics.py", line 898, in _split_inner
    cur_body, stalls, _ = optimize_chunks_many(
                          ^^^^^^^^^^^^^^^^^^^^^
  File "/home/justus.bergerman/slothy/slothy/core/heuristics.py", line 847, in optimize_chunks_many
    body, stalls, cur_stalls, local_perm = optimize_chunk(
                                           ^^^^^^^^^^^^^^^
  File "/home/justus.bergerman/slothy/slothy/core/heuristics.py", line 811, in optimize_chunk
    result = Heuristics.optimize_binsearch(
             ^^^^^^^^^^^^^^^^^^^^^^^^^^^^^^
  File "/home/justus.bergerman/slothy/slothy/core/heuristics.py", line 153, in optimize_binsearch
    return Heuristics.optimize_binsearch_internal(
           ^^^^^^^^^^^^^^^^^^^^^^^^^^^^^^^^^^^^^^^
  File "/home/justus.bergerman/slothy/slothy/core/heuristics.py", line 315, in optimize_binsearch_internal
    raise SlothyException("No solution found")
slothy.core.core.SlothyException: No solution found
