* Example: ntt_dilithium_rvv_vlen128_c908...
INFO:ntt_dilithium_rvv_vlen128_c908:Apply C preprocessor...
INFO:ntt_dilithium_rvv_vlen128_c908.start:SLOTHY version: unknown
INFO:ntt_dilithium_rvv_vlen128_c908:Instructions in body: 2406
INFO:ntt_dilithium_rvv_vlen128_c908.start.split.0_80:Perform internal binary search for minimal number of stalls...
INFO:ntt_dilithium_rvv_vlen128_c908.start.split.0_80:Attempt optimization with max 32 stalls...
INFO:ntt_dilithium_rvv_vlen128_c908.start.split.0_80:Setting timeout of 180 seconds...
INFO:ntt_dilithium_rvv_vlen128_c908.start.split.0_80:Objective: minimize cycles
INFO:ntt_dilithium_rvv_vlen128_c908.start.split.0_80:Invoking external constraint solver (OR-Tools CP-SAT v9.7.2996) ...
INFO:ntt_dilithium_rvv_vlen128_c908.start.split.0_80:INFEASIBLE, wall time: 4.733001 s
INFO:ntt_dilithium_rvv_vlen128_c908.start.split.0_80:Attempt optimization with max 64 stalls...
INFO:ntt_dilithium_rvv_vlen128_c908.start.split.0_80:Setting timeout of 180 seconds...
INFO:ntt_dilithium_rvv_vlen128_c908.start.split.0_80:Objective: minimize cycles
INFO:ntt_dilithium_rvv_vlen128_c908.start.split.0_80:Invoking external constraint solver (OR-Tools CP-SAT v9.7.2996) ...
INFO:ntt_dilithium_rvv_vlen128_c908.start.split.0_80:[16.3995s]: Found 1 solutions so far... objective (minimize cycles): currently  (Cycles ~ 104.0, IPC ~ 0.77), bound  (Cycles ~ 79.0, IPC ~ 1.01)
INFO:ntt_dilithium_rvv_vlen128_c908.start.split.0_80:[16.4406s]: Found 2 solutions so far... objective (minimize cycles): currently  (Cycles ~ 97.0, IPC ~ 0.82), bound  (Cycles ~ 79.0, IPC ~ 1.01)
INFO:ntt_dilithium_rvv_vlen128_c908.start.split.0_80:[16.4763s]: Found 3 solutions so far... objective (minimize cycles): currently  (Cycles ~ 96.0, IPC ~ 0.83), bound  (Cycles ~ 79.0, IPC ~ 1.01)
INFO:ntt_dilithium_rvv_vlen128_c908.start.split.0_80:[16.6192s]: Found 4 solutions so far... objective (minimize cycles): currently  (Cycles ~ 94.0, IPC ~ 0.85), bound  (Cycles ~ 79.0, IPC ~ 1.01)
INFO:ntt_dilithium_rvv_vlen128_c908.start.split.0_80:[16.7030s]: Found 5 solutions so far... objective (minimize cycles): currently  (Cycles ~ 84.0, IPC ~ 0.95), bound  (Cycles ~ 79.0, IPC ~ 1.01)
INFO:ntt_dilithium_rvv_vlen128_c908.start.split.0_80:[16.7447s]: Found 6 solutions so far... objective (minimize cycles): currently  (Cycles ~ 83.0, IPC ~ 0.96), bound  (Cycles ~ 79.0, IPC ~ 1.01)
INFO:ntt_dilithium_rvv_vlen128_c908.start.split.0_80:[16.7886s]: Found 7 solutions so far... objective (minimize cycles): currently  (Cycles ~ 80.0, IPC ~ 1.00), bound  (Cycles ~ 79.0, IPC ~ 1.01)
INFO:ntt_dilithium_rvv_vlen128_c908.start.split.0_80:[16.8644s]: Found 8 solutions so far... objective (minimize cycles): currently  (Cycles ~ 79.0, IPC ~ 1.01), bound  (Cycles ~ 79.0, IPC ~ 1.01)
INFO:ntt_dilithium_rvv_vlen128_c908.start.split.0_80:Closer than 0 stalls to theoretical optimum... stop
INFO:ntt_dilithium_rvv_vlen128_c908.start.split.0_80:OPTIMAL, wall time: 17.698425 s
INFO:ntt_dilithium_rvv_vlen128_c908.start.split.0_80:Booleans in result: 0
INFO:ntt_dilithium_rvv_vlen128_c908.start.split.0_80.selfcheck:OK!
WARNING:ntt_dilithium_rvv_vlen128_c908:LLVM (llvm-mc, llvm-nm, llvm-readobj) not found, disabling selftest. Consider installing LLVM.
INFO:ntt_dilithium_rvv_vlen128_c908.start.split.0_80:Minimum number of stalls: 39
INFO:ntt_dilithium_rvv_vlen128_c908.start.split.80_160:Perform internal binary search for minimal number of stalls...
INFO:ntt_dilithium_rvv_vlen128_c908.start.split.80_160:Attempt optimization with max 32 stalls...
INFO:ntt_dilithium_rvv_vlen128_c908.start.split.80_160:Setting timeout of 180 seconds...
INFO:ntt_dilithium_rvv_vlen128_c908.start.split.80_160:Objective: minimize cycles
INFO:ntt_dilithium_rvv_vlen128_c908.start.split.80_160:Invoking external constraint solver (OR-Tools CP-SAT v9.7.2996) ...
INFO:ntt_dilithium_rvv_vlen128_c908.start.split.80_160:INFEASIBLE, wall time: 66.124311 s
INFO:ntt_dilithium_rvv_vlen128_c908.start.split.80_160:Attempt optimization with max 64 stalls...
INFO:ntt_dilithium_rvv_vlen128_c908.start.split.80_160:Setting timeout of 180 seconds...
INFO:ntt_dilithium_rvv_vlen128_c908.start.split.80_160:Objective: minimize cycles
INFO:ntt_dilithium_rvv_vlen128_c908.start.split.80_160:Invoking external constraint solver (OR-Tools CP-SAT v9.7.2996) ...
INFO:ntt_dilithium_rvv_vlen128_c908.start.split.80_160:[42.9799s]: Found 1 solutions so far... objective (minimize cycles): currently  (Cycles ~ 76.0, IPC ~ 1.05), bound  (Cycles ~ 73.0, IPC ~ 1.10)
INFO:ntt_dilithium_rvv_vlen128_c908.start.split.80_160:OPTIMAL, wall time: 43.779074 s
INFO:ntt_dilithium_rvv_vlen128_c908.start.split.80_160:Booleans in result: 1659
INFO:ntt_dilithium_rvv_vlen128_c908.start.split.80_160.selfcheck:OK!
WARNING:ntt_dilithium_rvv_vlen128_c908:LLVM (llvm-mc, llvm-nm, llvm-readobj) not found, disabling selftest. Consider installing LLVM.
INFO:ntt_dilithium_rvv_vlen128_c908.start.split.80_160:Minimum number of stalls: 36
INFO:ntt_dilithium_rvv_vlen128_c908.start.split.160_241:Perform internal binary search for minimal number of stalls...
INFO:ntt_dilithium_rvv_vlen128_c908.start.split.160_241:Attempt optimization with max 32 stalls...
INFO:ntt_dilithium_rvv_vlen128_c908.start.split.160_241:Setting timeout of 180 seconds...
INFO:ntt_dilithium_rvv_vlen128_c908.start.split.160_241:Objective: minimize cycles
INFO:ntt_dilithium_rvv_vlen128_c908.start.split.160_241:Invoking external constraint solver (OR-Tools CP-SAT v9.7.2996) ...
INFO:ntt_dilithium_rvv_vlen128_c908.start.split.160_241:INFEASIBLE, wall time: 3.129425 s
INFO:ntt_dilithium_rvv_vlen128_c908.start.split.160_241:Attempt optimization with max 64 stalls...
INFO:ntt_dilithium_rvv_vlen128_c908.start.split.160_241:Setting timeout of 180 seconds...
INFO:ntt_dilithium_rvv_vlen128_c908.start.split.160_241:Objective: minimize cycles
INFO:ntt_dilithium_rvv_vlen128_c908.start.split.160_241:Invoking external constraint solver (OR-Tools CP-SAT v9.7.2996) ...
INFO:ntt_dilithium_rvv_vlen128_c908.start.split.160_241:[7.5317s]: Found 1 solutions so far... objective (minimize cycles): currently  (Cycles ~ 77.0, IPC ~ 1.05), bound  (Cycles ~ 69.0, IPC ~ 1.17)
INFO:ntt_dilithium_rvv_vlen128_c908.start.split.160_241:[7.5844s]: Found 2 solutions so far... objective (minimize cycles): currently  (Cycles ~ 76.0, IPC ~ 1.07), bound  (Cycles ~ 76.0, IPC ~ 1.07)
INFO:ntt_dilithium_rvv_vlen128_c908.start.split.160_241:Closer than 0 stalls to theoretical optimum... stop
INFO:ntt_dilithium_rvv_vlen128_c908.start.split.160_241:OPTIMAL, wall time: 12.051846 s
INFO:ntt_dilithium_rvv_vlen128_c908.start.split.160_241:Booleans in result: 1487
INFO:ntt_dilithium_rvv_vlen128_c908.start.split.160_241.selfcheck:OK!
WARNING:ntt_dilithium_rvv_vlen128_c908:LLVM (llvm-mc, llvm-nm, llvm-readobj) not found, disabling selftest. Consider installing LLVM.
INFO:ntt_dilithium_rvv_vlen128_c908.start.split.160_241:Minimum number of stalls: 35
INFO:ntt_dilithium_rvv_vlen128_c908.start.split.241_321:Perform internal binary search for minimal number of stalls...
INFO:ntt_dilithium_rvv_vlen128_c908.start.split.241_321:Attempt optimization with max 32 stalls...
INFO:ntt_dilithium_rvv_vlen128_c908.start.split.241_321:Setting timeout of 180 seconds...
INFO:ntt_dilithium_rvv_vlen128_c908.start.split.241_321:Objective: minimize cycles
INFO:ntt_dilithium_rvv_vlen128_c908.start.split.241_321:Invoking external constraint solver (OR-Tools CP-SAT v9.7.2996) ...
INFO:ntt_dilithium_rvv_vlen128_c908.start.split.241_321:INFEASIBLE, wall time: 1.773670 s
INFO:ntt_dilithium_rvv_vlen128_c908.start.split.241_321:Attempt optimization with max 64 stalls...
INFO:ntt_dilithium_rvv_vlen128_c908.start.split.241_321:Setting timeout of 180 seconds...
INFO:ntt_dilithium_rvv_vlen128_c908.start.split.241_321:Objective: minimize cycles
INFO:ntt_dilithium_rvv_vlen128_c908.start.split.241_321:Invoking external constraint solver (OR-Tools CP-SAT v9.7.2996) ...
INFO:ntt_dilithium_rvv_vlen128_c908.start.split.241_321:[64.8266s]: Found 1 solutions so far... objective (minimize cycles): currently  (Cycles ~ 77.0, IPC ~ 1.04), bound  (Cycles ~ 75.0, IPC ~ 1.07)
INFO:ntt_dilithium_rvv_vlen128_c908.start.split.241_321:OPTIMAL, wall time: 67.130402 s
INFO:ntt_dilithium_rvv_vlen128_c908.start.split.241_321:Booleans in result: 0
INFO:ntt_dilithium_rvv_vlen128_c908.start.split.241_321.selfcheck:OK!
WARNING:ntt_dilithium_rvv_vlen128_c908:LLVM (llvm-mc, llvm-nm, llvm-readobj) not found, disabling selftest. Consider installing LLVM.
INFO:ntt_dilithium_rvv_vlen128_c908.start.split.241_321:Minimum number of stalls: 37
INFO:ntt_dilithium_rvv_vlen128_c908.start.split.321_401:Perform internal binary search for minimal number of stalls...
INFO:ntt_dilithium_rvv_vlen128_c908.start.split.321_401:Attempt optimization with max 32 stalls...
INFO:ntt_dilithium_rvv_vlen128_c908.start.split.321_401:Setting timeout of 180 seconds...
INFO:ntt_dilithium_rvv_vlen128_c908.start.split.321_401:Objective: minimize cycles
INFO:ntt_dilithium_rvv_vlen128_c908.start.split.321_401:Invoking external constraint solver (OR-Tools CP-SAT v9.7.2996) ...
INFO:ntt_dilithium_rvv_vlen128_c908.start.split.321_401:INFEASIBLE, wall time: 45.689432 s
INFO:ntt_dilithium_rvv_vlen128_c908.start.split.321_401:Attempt optimization with max 64 stalls...
INFO:ntt_dilithium_rvv_vlen128_c908.start.split.321_401:Setting timeout of 180 seconds...
INFO:ntt_dilithium_rvv_vlen128_c908.start.split.321_401:Objective: minimize cycles
INFO:ntt_dilithium_rvv_vlen128_c908.start.split.321_401:Invoking external constraint solver (OR-Tools CP-SAT v9.7.2996) ...
INFO:ntt_dilithium_rvv_vlen128_c908.start.split.321_401:[31.2621s]: Found 1 solutions so far... objective (minimize cycles): currently  (Cycles ~ 81.0, IPC ~ 0.99), bound  (Cycles ~ 78.0, IPC ~ 1.03)
INFO:ntt_dilithium_rvv_vlen128_c908.start.split.321_401:[31.2806s]: Found 2 solutions so far... objective (minimize cycles): currently  (Cycles ~ 80.0, IPC ~ 1.00), bound  (Cycles ~ 78.0, IPC ~ 1.03)
INFO:ntt_dilithium_rvv_vlen128_c908.start.split.321_401:[31.2993s]: Found 3 solutions so far... objective (minimize cycles): currently  (Cycles ~ 79.0, IPC ~ 1.01), bound  (Cycles ~ 78.0, IPC ~ 1.03)
INFO:ntt_dilithium_rvv_vlen128_c908.start.split.321_401:OPTIMAL, wall time: 33.763551 s
INFO:ntt_dilithium_rvv_vlen128_c908.start.split.321_401:Booleans in result: 0
INFO:ntt_dilithium_rvv_vlen128_c908.start.split.321_401.selfcheck:OK!
WARNING:ntt_dilithium_rvv_vlen128_c908:LLVM (llvm-mc, llvm-nm, llvm-readobj) not found, disabling selftest. Consider installing LLVM.
INFO:ntt_dilithium_rvv_vlen128_c908.start.split.321_401:Minimum number of stalls: 39
INFO:ntt_dilithium_rvv_vlen128_c908.start.split.401_481:Perform internal binary search for minimal number of stalls...
INFO:ntt_dilithium_rvv_vlen128_c908.start.split.401_481:Attempt optimization with max 32 stalls...
INFO:ntt_dilithium_rvv_vlen128_c908.start.split.401_481:Setting timeout of 180 seconds...
INFO:ntt_dilithium_rvv_vlen128_c908.start.split.401_481:Objective: minimize cycles
INFO:ntt_dilithium_rvv_vlen128_c908.start.split.401_481:Invoking external constraint solver (OR-Tools CP-SAT v9.7.2996) ...
INFO:ntt_dilithium_rvv_vlen128_c908.start.split.401_481:INFEASIBLE, wall time: 7.992819 s
INFO:ntt_dilithium_rvv_vlen128_c908.start.split.401_481:Attempt optimization with max 64 stalls...
INFO:ntt_dilithium_rvv_vlen128_c908.start.split.401_481:Setting timeout of 180 seconds...
INFO:ntt_dilithium_rvv_vlen128_c908.start.split.401_481:Objective: minimize cycles
INFO:ntt_dilithium_rvv_vlen128_c908.start.split.401_481:Invoking external constraint solver (OR-Tools CP-SAT v9.7.2996) ...
INFO:ntt_dilithium_rvv_vlen128_c908.start.split.401_481:[95.3226s]: Found 1 solutions so far... objective (minimize cycles): currently  (Cycles ~ 81.0, IPC ~ 0.99), bound  (Cycles ~ 73.0, IPC ~ 1.10)
INFO:ntt_dilithium_rvv_vlen128_c908.start.split.401_481:[95.3860s]: Found 2 solutions so far... objective (minimize cycles): currently  (Cycles ~ 79.0, IPC ~ 1.01), bound  (Cycles ~ 74.0, IPC ~ 1.08)
INFO:ntt_dilithium_rvv_vlen128_c908.start.split.401_481:[95.4176s]: Found 3 solutions so far... objective (minimize cycles): currently  (Cycles ~ 78.0, IPC ~ 1.03), bound  (Cycles ~ 74.0, IPC ~ 1.08)
INFO:ntt_dilithium_rvv_vlen128_c908.start.split.401_481:[95.4419s]: Found 4 solutions so far... objective (minimize cycles): currently  (Cycles ~ 77.0, IPC ~ 1.04), bound  (Cycles ~ 74.0, IPC ~ 1.08)
INFO:ntt_dilithium_rvv_vlen128_c908.start.split.401_481:OPTIMAL, wall time: 99.957381 s
INFO:ntt_dilithium_rvv_vlen128_c908.start.split.401_481:Booleans in result: 1683
INFO:ntt_dilithium_rvv_vlen128_c908.start.split.401_481.selfcheck:OK!
WARNING:ntt_dilithium_rvv_vlen128_c908:LLVM (llvm-mc, llvm-nm, llvm-readobj) not found, disabling selftest. Consider installing LLVM.
INFO:ntt_dilithium_rvv_vlen128_c908.start.split.401_481:Minimum number of stalls: 37
INFO:ntt_dilithium_rvv_vlen128_c908.start.split.481_561:Perform internal binary search for minimal number of stalls...
INFO:ntt_dilithium_rvv_vlen128_c908.start.split.481_561:Attempt optimization with max 32 stalls...
INFO:ntt_dilithium_rvv_vlen128_c908.start.split.481_561:Setting timeout of 180 seconds...
INFO:ntt_dilithium_rvv_vlen128_c908.start.split.481_561:Objective: minimize cycles
INFO:ntt_dilithium_rvv_vlen128_c908.start.split.481_561:Invoking external constraint solver (OR-Tools CP-SAT v9.7.2996) ...
INFO:ntt_dilithium_rvv_vlen128_c908.start.split.481_561:INFEASIBLE, wall time: 27.907245 s
INFO:ntt_dilithium_rvv_vlen128_c908.start.split.481_561:Attempt optimization with max 64 stalls...
INFO:ntt_dilithium_rvv_vlen128_c908.start.split.481_561:Setting timeout of 180 seconds...
INFO:ntt_dilithium_rvv_vlen128_c908.start.split.481_561:Objective: minimize cycles
INFO:ntt_dilithium_rvv_vlen128_c908.start.split.481_561:Invoking external constraint solver (OR-Tools CP-SAT v9.7.2996) ...
INFO:ntt_dilithium_rvv_vlen128_c908.start.split.481_561:[5.8340s]: Found 1 solutions so far... objective (minimize cycles): currently  (Cycles ~ 78.0, IPC ~ 1.03), bound  (Cycles ~ 70.0, IPC ~ 1.14)
INFO:ntt_dilithium_rvv_vlen128_c908.start.split.481_561:[5.8715s]: Found 2 solutions so far... objective (minimize cycles): currently  (Cycles ~ 77.0, IPC ~ 1.04), bound  (Cycles ~ 71.0, IPC ~ 1.13)
INFO:ntt_dilithium_rvv_vlen128_c908.start.split.481_561:[5.9204s]: Found 3 solutions so far... objective (minimize cycles): currently  (Cycles ~ 76.0, IPC ~ 1.05), bound  (Cycles ~ 74.0, IPC ~ 1.08)
INFO:ntt_dilithium_rvv_vlen128_c908.start.split.481_561:OPTIMAL, wall time: 9.400284 s
INFO:ntt_dilithium_rvv_vlen128_c908.start.split.481_561:Booleans in result: 1196
INFO:ntt_dilithium_rvv_vlen128_c908.start.split.481_561.selfcheck:OK!
WARNING:ntt_dilithium_rvv_vlen128_c908:LLVM (llvm-mc, llvm-nm, llvm-readobj) not found, disabling selftest. Consider installing LLVM.
INFO:ntt_dilithium_rvv_vlen128_c908.start.split.481_561:Minimum number of stalls: 36
INFO:ntt_dilithium_rvv_vlen128_c908.start.split.561_642:Perform internal binary search for minimal number of stalls...
INFO:ntt_dilithium_rvv_vlen128_c908.start.split.561_642:Attempt optimization with max 32 stalls...
INFO:ntt_dilithium_rvv_vlen128_c908.start.split.561_642:Setting timeout of 180 seconds...
INFO:ntt_dilithium_rvv_vlen128_c908.start.split.561_642:Objective: minimize cycles
INFO:ntt_dilithium_rvv_vlen128_c908.start.split.561_642:Invoking external constraint solver (OR-Tools CP-SAT v9.7.2996) ...
INFO:ntt_dilithium_rvv_vlen128_c908.start.split.561_642:INFEASIBLE, wall time: 4.820030 s
INFO:ntt_dilithium_rvv_vlen128_c908.start.split.561_642:Attempt optimization with max 64 stalls...
INFO:ntt_dilithium_rvv_vlen128_c908.start.split.561_642:Setting timeout of 180 seconds...
INFO:ntt_dilithium_rvv_vlen128_c908.start.split.561_642:Objective: minimize cycles
INFO:ntt_dilithium_rvv_vlen128_c908.start.split.561_642:Invoking external constraint solver (OR-Tools CP-SAT v9.7.2996) ...
INFO:ntt_dilithium_rvv_vlen128_c908.start.split.561_642:[4.7396s]: Found 1 solutions so far... objective (minimize cycles): currently  (Cycles ~ 82.0, IPC ~ 0.99), bound  (Cycles ~ 79.0, IPC ~ 1.03)
INFO:ntt_dilithium_rvv_vlen128_c908.start.split.561_642:[4.7798s]: Found 2 solutions so far... objective (minimize cycles): currently  (Cycles ~ 80.0, IPC ~ 1.01), bound  (Cycles ~ 79.0, IPC ~ 1.03)
INFO:ntt_dilithium_rvv_vlen128_c908.start.split.561_642:[4.7915s]: Found 3 solutions so far... objective (minimize cycles): currently  (Cycles ~ 79.0, IPC ~ 1.03), bound  (Cycles ~ 79.0, IPC ~ 1.03)
INFO:ntt_dilithium_rvv_vlen128_c908.start.split.561_642:Closer than 0 stalls to theoretical optimum... stop
INFO:ntt_dilithium_rvv_vlen128_c908.start.split.561_642:OPTIMAL, wall time: 8.377228 s
INFO:ntt_dilithium_rvv_vlen128_c908.start.split.561_642:Booleans in result: 0
INFO:ntt_dilithium_rvv_vlen128_c908.start.split.561_642.selfcheck:OK!
WARNING:ntt_dilithium_rvv_vlen128_c908:LLVM (llvm-mc, llvm-nm, llvm-readobj) not found, disabling selftest. Consider installing LLVM.
INFO:ntt_dilithium_rvv_vlen128_c908.start.split.561_642:Minimum number of stalls: 38
INFO:ntt_dilithium_rvv_vlen128_c908.start.split.642_722:Perform internal binary search for minimal number of stalls...
INFO:ntt_dilithium_rvv_vlen128_c908.start.split.642_722:Attempt optimization with max 32 stalls...
INFO:ntt_dilithium_rvv_vlen128_c908.start.split.642_722:Setting timeout of 180 seconds...
INFO:ntt_dilithium_rvv_vlen128_c908.start.split.642_722:Objective: minimize cycles
INFO:ntt_dilithium_rvv_vlen128_c908.start.split.642_722:Invoking external constraint solver (OR-Tools CP-SAT v9.7.2996) ...
INFO:ntt_dilithium_rvv_vlen128_c908.start.split.642_722:INFEASIBLE, wall time: 101.163440 s
INFO:ntt_dilithium_rvv_vlen128_c908.start.split.642_722:Attempt optimization with max 64 stalls...
INFO:ntt_dilithium_rvv_vlen128_c908.start.split.642_722:Setting timeout of 180 seconds...
INFO:ntt_dilithium_rvv_vlen128_c908.start.split.642_722:Objective: minimize cycles
INFO:ntt_dilithium_rvv_vlen128_c908.start.split.642_722:Invoking external constraint solver (OR-Tools CP-SAT v9.7.2996) ...
INFO:ntt_dilithium_rvv_vlen128_c908.start.split.642_722:UNKNOWN, wall time: 181.736128 s
INFO:ntt_dilithium_rvv_vlen128_c908.start.split.642_722:Attempt optimization with max 128 stalls...
INFO:ntt_dilithium_rvv_vlen128_c908.start.split.642_722:Setting timeout of 180 seconds...
INFO:ntt_dilithium_rvv_vlen128_c908.start.split.642_722:Objective: minimize cycles
INFO:ntt_dilithium_rvv_vlen128_c908.start.split.642_722:Invoking external constraint solver (OR-Tools CP-SAT v9.7.2996) ...
INFO:ntt_dilithium_rvv_vlen128_c908.start.split.642_722:[62.7271s]: Found 1 solutions so far... objective (minimize cycles): currently  (Cycles ~ 76.0, IPC ~ 1.05), bound  (Cycles ~ 73.0, IPC ~ 1.10)
INFO:ntt_dilithium_rvv_vlen128_c908.start.split.642_722:OPTIMAL, wall time: 93.428703 s
INFO:ntt_dilithium_rvv_vlen128_c908.start.split.642_722:Booleans in result: 2408
INFO:ntt_dilithium_rvv_vlen128_c908.start.split.642_722.selfcheck:OK!
WARNING:ntt_dilithium_rvv_vlen128_c908:LLVM (llvm-mc, llvm-nm, llvm-readobj) not found, disabling selftest. Consider installing LLVM.
INFO:ntt_dilithium_rvv_vlen128_c908.start.split.642_722:Minimum number of stalls: 36
INFO:ntt_dilithium_rvv_vlen128_c908.start.split.722_802:Perform internal binary search for minimal number of stalls...
INFO:ntt_dilithium_rvv_vlen128_c908.start.split.722_802:Attempt optimization with max 32 stalls...
INFO:ntt_dilithium_rvv_vlen128_c908.start.split.722_802:Setting timeout of 180 seconds...
INFO:ntt_dilithium_rvv_vlen128_c908.start.split.722_802:Objective: minimize cycles
INFO:ntt_dilithium_rvv_vlen128_c908.start.split.722_802:Invoking external constraint solver (OR-Tools CP-SAT v9.7.2996) ...
INFO:ntt_dilithium_rvv_vlen128_c908.start.split.722_802:INFEASIBLE, wall time: 75.078272 s
INFO:ntt_dilithium_rvv_vlen128_c908.start.split.722_802:Attempt optimization with max 64 stalls...
INFO:ntt_dilithium_rvv_vlen128_c908.start.split.722_802:Setting timeout of 180 seconds...
INFO:ntt_dilithium_rvv_vlen128_c908.start.split.722_802:Objective: minimize cycles
INFO:ntt_dilithium_rvv_vlen128_c908.start.split.722_802:Invoking external constraint solver (OR-Tools CP-SAT v9.7.2996) ...
INFO:ntt_dilithium_rvv_vlen128_c908.start.split.722_802:UNKNOWN, wall time: 156.215167 s
INFO:ntt_dilithium_rvv_vlen128_c908.start.split.722_802:Attempt optimization with max 128 stalls...
INFO:ntt_dilithium_rvv_vlen128_c908.start.split.722_802:Setting timeout of 180 seconds...
INFO:ntt_dilithium_rvv_vlen128_c908.start.split.722_802:Objective: minimize cycles
INFO:ntt_dilithium_rvv_vlen128_c908.start.split.722_802:Invoking external constraint solver (OR-Tools CP-SAT v9.7.2996) ...
INFO:ntt_dilithium_rvv_vlen128_c908.start.split.722_802:UNKNOWN, wall time: 182.781912 s
INFO:ntt_dilithium_rvv_vlen128_c908.start.split.722_802:Attempt optimization with max 256 stalls...
INFO:ntt_dilithium_rvv_vlen128_c908.start.split.722_802:Setting timeout of 180 seconds...
INFO:ntt_dilithium_rvv_vlen128_c908.start.split.722_802:Objective: minimize cycles
INFO:ntt_dilithium_rvv_vlen128_c908.start.split.722_802:Invoking external constraint solver (OR-Tools CP-SAT v9.7.2996) ...
INFO:ntt_dilithium_rvv_vlen128_c908.start.split.722_802:UNKNOWN, wall time: 180.232968 s
INFO:ntt_dilithium_rvv_vlen128_c908.start.split.722_802:Attempt optimization with max 512 stalls...
INFO:ntt_dilithium_rvv_vlen128_c908.start.split.722_802:Setting timeout of 180 seconds...
INFO:ntt_dilithium_rvv_vlen128_c908.start.split.722_802:Objective: minimize cycles
INFO:ntt_dilithium_rvv_vlen128_c908.start.split.722_802:Invoking external constraint solver (OR-Tools CP-SAT v9.7.2996) ...
INFO:ntt_dilithium_rvv_vlen128_c908.start.split.722_802:UNKNOWN, wall time: 180.922516 s
ERROR:ntt_dilithium_rvv_vlen128_c908.start.split.722_802:Exceeded stall limit without finding a working solution
Traceback (most recent call last):
  File "/home/justus.bergerman/slothy/example.py", line 206, in <module>
    main()
  File "/home/justus.bergerman/slothy/example.py", line 192, in main
    run_example(
  File "/home/justus.bergerman/slothy/example.py", line 188, in run_example
    ex.run(**kwargs)
  File "/home/justus.bergerman/slothy/common/OptimizationRunner.py", line 219, in run
    self.core(slothy, *self.extra_args)
  File "/home/justus.bergerman/slothy/examples/naive/riscv/ntt_dilithium/_example.py", line 177, in core
    slothy.optimize("start", "end")
  File "/home/justus.bergerman/slothy/slothy/core/slothy.py", line 397, in optimize
    early, core, late, num_exceptional = Heuristics.periodic(body, logger, c)
                                         ^^^^^^^^^^^^^^^^^^^^^^^^^^^^^^^^^^^^
  File "/home/justus.bergerman/slothy/slothy/core/heuristics.py", line 388, in periodic
    res = Heuristics.linear(body, logger=logger, conf=conf)
          ^^^^^^^^^^^^^^^^^^^^^^^^^^^^^^^^^^^^^^^^^^^^^^^^^
  File "/home/justus.bergerman/slothy/slothy/core/heuristics.py", line 478, in linear
    return Heuristics._split(body, logger, conf)
           ^^^^^^^^^^^^^^^^^^^^^^^^^^^^^^^^^^^^^
  File "/home/justus.bergerman/slothy/slothy/core/heuristics.py", line 1012, in _split
    return Heuristics._split_inner(body, logger, c)
           ^^^^^^^^^^^^^^^^^^^^^^^^^^^^^^^^^^^^^^^^
  File "/home/justus.bergerman/slothy/slothy/core/heuristics.py", line 898, in _split_inner
    cur_body, stalls, _ = optimize_chunks_many(
                          ^^^^^^^^^^^^^^^^^^^^^
  File "/home/justus.bergerman/slothy/slothy/core/heuristics.py", line 847, in optimize_chunks_many
    body, stalls, cur_stalls, local_perm = optimize_chunk(
                                           ^^^^^^^^^^^^^^^
  File "/home/justus.bergerman/slothy/slothy/core/heuristics.py", line 811, in optimize_chunk
    result = Heuristics.optimize_binsearch(
             ^^^^^^^^^^^^^^^^^^^^^^^^^^^^^^
  File "/home/justus.bergerman/slothy/slothy/core/heuristics.py", line 153, in optimize_binsearch
    return Heuristics.optimize_binsearch_internal(
           ^^^^^^^^^^^^^^^^^^^^^^^^^^^^^^^^^^^^^^^
  File "/home/justus.bergerman/slothy/slothy/core/heuristics.py", line 315, in optimize_binsearch_internal
    raise SlothyException("No solution found")
slothy.core.core.SlothyException: No solution found
